Success (30):
datatype 4462 {urn:com:appian:types:test}SS_Test "{urn:com:appian:types:test}SS_Test"
content 8779 _a-0000e2a7-95ca-8000-9ba2-011c48011c48_53728 "SS Rules"
content 8786 _a-0000e2a7-95ca-8000-9ba2-011c48011c48_53733 "SS_UI_drilldownMockup"
content 13201 _a-0000e2a7-95ca-8000-9ba2-011c48011c48_53769 "test"
content 8794 _a-0000e2a7-95ca-8000-9ba2-011c48011c48_53807 "SS_UI_HierarchyBrowser"
content 8792 _a-0000e2a7-95ca-8000-9ba2-011c48011c48_53821 "SS_getColorCodeByStatus"
content 13504 _a-0000e2a7-95ca-8000-9ba2-011c48011c48_57787 "SS_test"
content 13187 _a-0000e2f5-cb25-8000-9ba2-011c48011c48_105197 "BREADCRUMB_IMAGES"
content 13658 _a-0000e2f5-cb25-8000-9ba2-011c48011c48_113140 "SS KC"
content 13659 _a-0000e2f5-cb25-8000-9ba2-011c48011c48_113147 "SS Docs"
content 13657 _a-0000e2f5-cb25-8000-9ba2-011c48011c48_113139 "Test_template"
content 15276 _a-0000e323-af86-8000-9ba2-011c48011c48_122391 "test_usermgmt"
content 15249 _a-0000e323-af86-8000-9ba2-011c48011c48_123010 "test_getFilteredMembers"
content 15272 _a-0000e324-cf90-8000-9ba2-011c48011c48_123621 "test_groupmgmt"
content 15315 _a-0000e324-cf90-8000-9ba2-011c48011c48_124295 "SS_USER_MANAGEMENT_RECORD"
content 16655 _a-0000e324-cf90-8000-9ba2-011c48011c48_136970 "SS_calendarView"
content 16654 _a-0000e324-cf90-8000-9ba2-011c48011c48_137512 "SS_getDateForCardLayout"
content 16558 _a-0000e324-cf90-8000-9ba2-011c48011c48_137796 "SS_DAY_NAMES"
content 16571 _a-0000e324-cf90-8000-9ba2-011c48011c48_137543 "SS_calendarDatesView"
content 16543 _a-0000e324-cf90-8000-9ba2-011c48011c48_137564 "SS_calendarYearScrollView"
content 16577 _a-0000e324-cf90-8000-9ba2-011c48011c48_137715 "SS_calendarMonthScrollView"
content 16554 _a-0000e324-cf90-8000-9ba2-011c48011c48_137758 "SS_MONTH_NAMES"
processModelFolder 42 _g-0000e2f5-cb25-8000-f92f-7f0000014e7a_175 "SS Test"
processModel 1413 0002e323-50c7-8000-f92f-7f0000014e7a "SS Test"
application 8778 _a-0000e2a7-95ca-8000-9ba2-011c48011c48_53723 "Smita Sandpit"
recordType 27 f66ef4c5-8892-4b3a-a0ad-39df7a1508ad "User Management"
recordType 26 25c9d191-321d-4413-92d1-c550bf29903a "Group Management"
tempoReport 44 a1374d5f-d2a3-4966-b8d9-1961e22556b5 "SA_CalendarReportForSite"
webApi 38 3b50233c-b607-4981-ad48-25d2d20c3eab "test"
site 21 b72c5455-4972-482a-9cc0-4873ef3b5ff4 "SS_Calendar"

Referenced precedents that were not exported (23):
datatype 4468 {urn:com:appian:types:DI}DI_Request_Details
datatype 4474 {urn:com:appian:types:RC}RC_User_Group_Management
user SmitaA SmitaA
group 38 _e-0000e232-498c-8000-9aee-01075c01075c_59
content 12899 _a-0000e2f5-cb25-8000-9ba2-011c48011c48_101542
content 12367 _a-0000e2f5-cb25-8000-9ba2-011c48011c48_91104
content 12641 _a-0000e2f5-cb25-8000-9ba2-011c48011c48_95987
content 13150 _a-0000e2f5-cb25-8000-9ba2-011c48011c48_105159
content 13151 _a-0000e2f5-cb25-8000-9ba2-011c48011c48_105161
content 13148 _a-0000e2f5-cb25-8000-9ba2-011c48011c48_105157
content 13149 _a-0000e2f5-cb25-8000-9ba2-011c48011c48_105155
content 13182 _a-0000e2f5-cb25-8000-9ba2-011c48011c48_105588
content 13183 _a-0000e2f5-cb25-8000-9ba2-011c48011c48_105590
content 13186 _a-0000e2f5-cb25-8000-9ba2-011c48011c48_105593
content 13185 _a-0000e2f5-cb25-8000-9ba2-011c48011c48_105595
content 13184 _a-0000e2f5-cb25-8000-9ba2-011c48011c48_105597
content 13152 _a-0000e2f5-cb25-8000-9ba2-011c48011c48_105163
content 13153 _a-0000e2f5-cb25-8000-9ba2-011c48011c48_105165
content 13154 _a-0000e2f5-cb25-8000-9ba2-011c48011c48_105167
content 15854 _a-0000e324-cf90-8000-9ba2-011c48011c48_130080
content 15829 _a-0000e324-cf90-8000-9ba2-011c48011c48_129922
content 15857 _a-0000e324-cf90-8000-9ba2-011c48011c48_130099
content 15830 _a-0000e324-cf90-8000-9ba2-011c48011c48_129928

Trace:
2019-09-19 09:52:46.408 DEBUG application 8778 _a-0000e2a7-95ca-8000-9ba2-011c48011c48_53723 Begin transport.
2019-09-19 09:52:46.408 DEBUG application 8778 _a-0000e2a7-95ca-8000-9ba2-011c48011c48_53723 Retrieving object data.
2019-09-19 09:52:46.416 DEBUG application 8778 _a-0000e2a7-95ca-8000-9ba2-011c48011c48_53723 App associated objects: [datatype=[{urn:com:appian:types:test}SS_Test],content=[_a-0000e2a7-95ca-8000-9ba2-011c48011c48_53728, _a-0000e2a7-95ca-8000-9ba2-011c48011c48_53733, _a-0000e2a7-95ca-8000-9ba2-011c48011c48_53769, _a-0000e2a7-95ca-8000-9ba2-011c48011c48_53793, _a-0000e2a7-95ca-8000-9ba2-011c48011c48_53807, _a-0000e2a7-95ca-8000-9ba2-011c48011c48_53821, _a-0000e2a7-95ca-8000-9ba2-011c48011c48_57787, _a-0000e2f5-cb25-8000-9ba2-011c48011c48_105197, _a-0000e2f5-cb25-8000-9ba2-011c48011c48_113140, _a-0000e2f5-cb25-8000-9ba2-011c48011c48_113147, _a-0000e2f5-cb25-8000-9ba2-011c48011c48_113139, _a-0000e323-af86-8000-9ba2-011c48011c48_122391, _a-0000e323-af86-8000-9ba2-011c48011c48_123010, _a-0000e324-cf90-8000-9ba2-011c48011c48_123621, _a-0000e324-cf90-8000-9ba2-011c48011c48_124295, _a-0000e324-cf90-8000-9ba2-011c48011c48_136970, _a-0000e324-cf90-8000-9ba2-011c48011c48_137512, _a-0000e324-cf90-8000-9ba2-011c48011c48_137543, _a-0000e324-cf90-8000-9ba2-011c48011c48_137564, _a-0000e324-cf90-8000-9ba2-011c48011c48_137715, _a-0000e324-cf90-8000-9ba2-011c48011c48_137758, _a-0000e324-cf90-8000-9ba2-011c48011c48_137796],processModelFolder=[_g-0000e2f5-cb25-8000-f92f-7f0000014e7a_175],processModel=[0002e323-50c7-8000-f92f-7f0000014e7a],recordType=[25c9d191-321d-4413-92d1-c550bf29903a, f66ef4c5-8892-4b3a-a0ad-39df7a1508ad],tempoReport=[a1374d5f-d2a3-4966-b8d9-1961e22556b5],webApi=[3b50233c-b607-4981-ad48-25d2d20c3eab],site=[b72c5455-4972-482a-9cc0-4873ef3b5ff4]]
2019-09-19 09:52:46.437 DEBUG application 8778 _a-0000e2a7-95ca-8000-9ba2-011c48011c48_53723 Invalid associated objects: [content=[_a-0000e2a7-95ca-8000-9ba2-011c48011c48_53793]]
2019-09-19 09:52:46.437 DEBUG application 8778 _a-0000e2a7-95ca-8000-9ba2-011c48011c48_53723 Adding valid associated objects to be exported: GlobalBindingMap[datatype={{urn:com:appian:types:test}SS_Test=4462},content={_a-0000e2a7-95ca-8000-9ba2-011c48011c48_53728=8779, _a-0000e2a7-95ca-8000-9ba2-011c48011c48_53733=8786, _a-0000e2a7-95ca-8000-9ba2-011c48011c48_53769=13201, _a-0000e2a7-95ca-8000-9ba2-011c48011c48_53807=8794, _a-0000e2a7-95ca-8000-9ba2-011c48011c48_53821=8792, _a-0000e2a7-95ca-8000-9ba2-011c48011c48_57787=13504, _a-0000e2f5-cb25-8000-9ba2-011c48011c48_105197=13187, _a-0000e2f5-cb25-8000-9ba2-011c48011c48_113140=13658, _a-0000e2f5-cb25-8000-9ba2-011c48011c48_113147=13659, _a-0000e2f5-cb25-8000-9ba2-011c48011c48_113139=13657, _a-0000e323-af86-8000-9ba2-011c48011c48_122391=15276, _a-0000e323-af86-8000-9ba2-011c48011c48_123010=15249, _a-0000e324-cf90-8000-9ba2-011c48011c48_123621=15272, _a-0000e324-cf90-8000-9ba2-011c48011c48_124295=15315, _a-0000e324-cf90-8000-9ba2-011c48011c48_136970=16655, _a-0000e324-cf90-8000-9ba2-011c48011c48_137512=16654, _a-0000e324-cf90-8000-9ba2-011c48011c48_137543=16571, _a-0000e324-cf90-8000-9ba2-011c48011c48_137564=16543, _a-0000e324-cf90-8000-9ba2-011c48011c48_137715=16577, _a-0000e324-cf90-8000-9ba2-011c48011c48_137758=16554, _a-0000e324-cf90-8000-9ba2-011c48011c48_137796=16558},processModelFolder={_g-0000e2f5-cb25-8000-f92f-7f0000014e7a_175=42},processModel={0002e323-50c7-8000-f92f-7f0000014e7a=1413},recordType={25c9d191-321d-4413-92d1-c550bf29903a=26, f66ef4c5-8892-4b3a-a0ad-39df7a1508ad=27},tempoReport={a1374d5f-d2a3-4966-b8d9-1961e22556b5=44},webApi={3b50233c-b607-4981-ad48-25d2d20c3eab=38},site={b72c5455-4972-482a-9cc0-4873ef3b5ff4=21}]
2019-09-19 09:52:46.438 DEBUG application 8778 _a-0000e2a7-95ca-8000-9ba2-011c48011c48_53723 Setting uuids of object references.
2019-09-19 09:52:46.44 DEBUG application 8778 _a-0000e2a7-95ca-8000-9ba2-011c48011c48_53723 Processing reference: Application.forum
2019-09-19 09:52:46.441 DEBUG application 8778 _a-0000e2a7-95ca-8000-9ba2-011c48011c48_53723 Processing reference: Application.parent
2019-09-19 09:52:46.446 DEBUG application 8778 _a-0000e2a7-95ca-8000-9ba2-011c48011c48_53723 Processing reference: com.appiancorp.suiteapi.content.ContentRoleMap@62505f25[
  ContentRole[name=readers,inherit=false,allowForAll=false]
  ContentRole[name=authors,inherit=false,allowForAll=false]
  ContentRole[name=administrators,inherit=false,allowForAll=false]
  ContentRole[name=denyReaders,inherit=false,allowForAll=false]
  ContentRole[name=denyAuthors,inherit=false,allowForAll=false]
  ContentRole[name=denyAdministrators,inherit=false,allowForAll=false]
  securityVector=1:SEC_PUBLIC=true,SEC_CREATOR_ADMIN=false,SEC_INH_ADMIN=false,SEC_INH_EDITOR=false,SEC_INH_VIEWER=false,SEC_ALL_ADMIN=false,SEC_ALL_EDITOR=false,SEC_ALL_VIEWER=false
]
2019-09-19 09:52:46.446 DEBUG application 8778 _a-0000e2a7-95ca-8000-9ba2-011c48011c48_53723 Processing reference: ContentRole[name=readers,inherit=false,allowForAll=false]
2019-09-19 09:52:46.446 DEBUG application 8778 _a-0000e2a7-95ca-8000-9ba2-011c48011c48_53723 Processing reference: ContentRole[name=authors,inherit=false,allowForAll=false]
2019-09-19 09:52:46.446 DEBUG application 8778 _a-0000e2a7-95ca-8000-9ba2-011c48011c48_53723 Processing reference: ContentRole[name=administrators,inherit=false,allowForAll=false]
2019-09-19 09:52:46.446 DEBUG application 8778 _a-0000e2a7-95ca-8000-9ba2-011c48011c48_53723 Processing reference: ContentRole[name=denyReaders,inherit=false,allowForAll=false]
2019-09-19 09:52:46.446 DEBUG application 8778 _a-0000e2a7-95ca-8000-9ba2-011c48011c48_53723 Processing reference: ContentRole[name=denyAuthors,inherit=false,allowForAll=false]
2019-09-19 09:52:46.446 DEBUG application 8778 _a-0000e2a7-95ca-8000-9ba2-011c48011c48_53723 Processing reference: ContentRole[name=denyAdministrators,inherit=false,allowForAll=false]
2019-09-19 09:52:46.446 DEBUG datatype 4462 {urn:com:appian:types:test}SS_Test Begin transport.
2019-09-19 09:52:46.446 DEBUG datatype 4462 {urn:com:appian:types:test}SS_Test Retrieving object data.
2019-09-19 09:52:46.738 DEBUG datatype 4462 {urn:com:appian:types:test}SS_Test Setting uuids of object references.
2019-09-19 09:52:46.747 DEBUG datatype 4462 {urn:com:appian:types:test}SS_Test Completing produce.
2019-09-19 09:52:46.747 DEBUG datatype 4462 {urn:com:appian:types:test}SS_Test Exporting binary resources.
2019-09-19 09:52:46.747 DEBUG datatype 4462 {urn:com:appian:types:test}SS_Test Serializing object to XML.
2019-09-19 09:52:46.754 DEBUG datatype 4462 {urn:com:appian:types:test}SS_Test Object transported.
2019-09-19 09:52:46.758 DEBUG content 8779 _a-0000e2a7-95ca-8000-9ba2-011c48011c48_53728 Begin transport.
2019-09-19 09:52:46.758 DEBUG content 8779 _a-0000e2a7-95ca-8000-9ba2-011c48011c48_53728 Retrieving object data.
2019-09-19 09:52:46.771 DEBUG content 8779 _a-0000e2a7-95ca-8000-9ba2-011c48011c48_53728 Setting uuids of object references.
2019-09-19 09:52:46.771 DEBUG content 8779 _a-0000e2a7-95ca-8000-9ba2-011c48011c48_53728 Processing reference: RulesFolder.forum
2019-09-19 09:52:46.772 DEBUG content 8779 _a-0000e2a7-95ca-8000-9ba2-011c48011c48_53728 Processing reference: RulesFolder.parent
2019-09-19 09:52:46.776 DEBUG content 8779 _a-0000e2a7-95ca-8000-9ba2-011c48011c48_53728 Processing reference: com.appiancorp.suiteapi.content.ContentRoleMap@3de715d5[
  ContentRole[name=readers,groupIds=[38],inherit=false,allowForAll=false]
  ContentRole[name=authors,inherit=false,allowForAll=false]
  ContentRole[name=administrators,inherit=false,allowForAll=false]
  ContentRole[name=denyReaders,inherit=false,allowForAll=false]
  ContentRole[name=denyAuthors,inherit=false,allowForAll=false]
  ContentRole[name=denyAdministrators,inherit=false,allowForAll=false]
  securityVector=1:SEC_PUBLIC=true,SEC_CREATOR_ADMIN=false,SEC_INH_ADMIN=false,SEC_INH_EDITOR=false,SEC_INH_VIEWER=false,SEC_ALL_ADMIN=false,SEC_ALL_EDITOR=false,SEC_ALL_VIEWER=false
]
2019-09-19 09:52:46.776 DEBUG content 8779 _a-0000e2a7-95ca-8000-9ba2-011c48011c48_53728 Processing reference: ContentRole[name=readers,groupIds=[38],inherit=false,allowForAll=false]
2019-09-19 09:52:46.779 DEBUG content 8779 _a-0000e2a7-95ca-8000-9ba2-011c48011c48_53728 Processing reference: ContentRole[name=authors,inherit=false,allowForAll=false]
2019-09-19 09:52:46.779 DEBUG content 8779 _a-0000e2a7-95ca-8000-9ba2-011c48011c48_53728 Processing reference: ContentRole[name=administrators,inherit=false,allowForAll=false]
2019-09-19 09:52:46.779 DEBUG content 8779 _a-0000e2a7-95ca-8000-9ba2-011c48011c48_53728 Processing reference: ContentRole[name=denyReaders,inherit=false,allowForAll=false]
2019-09-19 09:52:46.779 DEBUG content 8779 _a-0000e2a7-95ca-8000-9ba2-011c48011c48_53728 Processing reference: ContentRole[name=denyAuthors,inherit=false,allowForAll=false]
2019-09-19 09:52:46.779 DEBUG content 8779 _a-0000e2a7-95ca-8000-9ba2-011c48011c48_53728 Processing reference: ContentRole[name=denyAdministrators,inherit=false,allowForAll=false]
2019-09-19 09:52:46.779 DEBUG content 8779 _a-0000e2a7-95ca-8000-9ba2-011c48011c48_53728 Completing produce.
2019-09-19 09:52:46.779 DEBUG content 8779 _a-0000e2a7-95ca-8000-9ba2-011c48011c48_53728 Exporting binary resources.
2019-09-19 09:52:46.779 DEBUG content 8779 _a-0000e2a7-95ca-8000-9ba2-011c48011c48_53728 Serializing object to XML.
2019-09-19 09:52:46.791 DEBUG content 8779 _a-0000e2a7-95ca-8000-9ba2-011c48011c48_53728 Object transported.
2019-09-19 09:52:46.791 DEBUG content 8786 _a-0000e2a7-95ca-8000-9ba2-011c48011c48_53733 Begin transport.
2019-09-19 09:52:46.791 DEBUG content 8786 _a-0000e2a7-95ca-8000-9ba2-011c48011c48_53733 Retrieving object data.
2019-09-19 09:52:46.802 DEBUG content 8786 _a-0000e2a7-95ca-8000-9ba2-011c48011c48_53733 Setting uuids of object references.
2019-09-19 09:52:46.802 DEBUG content 8786 _a-0000e2a7-95ca-8000-9ba2-011c48011c48_53733 Processing reference: [Content:id=8780,versionId=-1,name=SS_UI_drilldownMockup,type=32,subtype=6,uuid=_a-0000e2a7-95ca-8000-9ba2-011c48011c48_53733,parent=8779]
2019-09-19 09:52:46.809 DEBUG content 8786 _a-0000e2a7-95ca-8000-9ba2-011c48011c48_53733 Processing reference: Interface.forum
2019-09-19 09:52:46.811 DEBUG content 8786 _a-0000e2a7-95ca-8000-9ba2-011c48011c48_53733 Processing reference: Interface.parent
2019-09-19 09:52:46.814 DEBUG content 8786 _a-0000e2a7-95ca-8000-9ba2-011c48011c48_53733 Processing reference: com.appiancorp.suiteapi.content.ContentRoleMap@499c2783[
  ContentRole[name=readers,inherit=true,allowForAll=false]
  ContentRole[name=authors,inherit=true,allowForAll=false]
  ContentRole[name=administrators,inherit=true,allowForAll=false]
  ContentRole[name=denyReaders,inherit=false,allowForAll=false]
  ContentRole[name=denyAuthors,inherit=false,allowForAll=false]
  ContentRole[name=denyAdministrators,inherit=false,allowForAll=false]
  securityVector=15:SEC_PUBLIC=true,SEC_CREATOR_ADMIN=false,SEC_INH_ADMIN=true,SEC_INH_EDITOR=true,SEC_INH_VIEWER=true,SEC_ALL_ADMIN=false,SEC_ALL_EDITOR=false,SEC_ALL_VIEWER=false
]
2019-09-19 09:52:46.815 DEBUG content 8786 _a-0000e2a7-95ca-8000-9ba2-011c48011c48_53733 Processing reference: ContentRole[name=readers,inherit=true,allowForAll=false]
2019-09-19 09:52:46.815 DEBUG content 8786 _a-0000e2a7-95ca-8000-9ba2-011c48011c48_53733 Processing reference: ContentRole[name=authors,inherit=true,allowForAll=false]
2019-09-19 09:52:46.815 DEBUG content 8786 _a-0000e2a7-95ca-8000-9ba2-011c48011c48_53733 Processing reference: ContentRole[name=administrators,inherit=true,allowForAll=false]
2019-09-19 09:52:46.815 DEBUG content 8786 _a-0000e2a7-95ca-8000-9ba2-011c48011c48_53733 Processing reference: ContentRole[name=denyReaders,inherit=false,allowForAll=false]
2019-09-19 09:52:46.815 DEBUG content 8786 _a-0000e2a7-95ca-8000-9ba2-011c48011c48_53733 Processing reference: ContentRole[name=denyAuthors,inherit=false,allowForAll=false]
2019-09-19 09:52:46.815 DEBUG content 8786 _a-0000e2a7-95ca-8000-9ba2-011c48011c48_53733 Processing reference: ContentRole[name=denyAdministrators,inherit=false,allowForAll=false]
2019-09-19 09:52:46.815 DEBUG content 8786 _a-0000e2a7-95ca-8000-9ba2-011c48011c48_53733 Completing produce.
2019-09-19 09:52:46.815 DEBUG content 8786 _a-0000e2a7-95ca-8000-9ba2-011c48011c48_53733 Exporting binary resources.
2019-09-19 09:52:46.815 DEBUG content 8786 _a-0000e2a7-95ca-8000-9ba2-011c48011c48_53733 Serializing object to XML.
2019-09-19 09:52:46.824 DEBUG content 8786 _a-0000e2a7-95ca-8000-9ba2-011c48011c48_53733 Object transported.
2019-09-19 09:52:46.824 DEBUG content 13201 _a-0000e2a7-95ca-8000-9ba2-011c48011c48_53769 Begin transport.
2019-09-19 09:52:46.824 DEBUG content 13201 _a-0000e2a7-95ca-8000-9ba2-011c48011c48_53769 Retrieving object data.
2019-09-19 09:52:46.836 DEBUG content 13201 _a-0000e2a7-95ca-8000-9ba2-011c48011c48_53769 Setting uuids of object references.
2019-09-19 09:52:46.836 DEBUG content 13201 _a-0000e2a7-95ca-8000-9ba2-011c48011c48_53769 Processing reference: [Content:id=8785,versionId=-1,name=test,type=32,subtype=1,uuid=_a-0000e2a7-95ca-8000-9ba2-011c48011c48_53769,parent=8779]
2019-09-19 09:52:46.851 DEBUG content 13201 _a-0000e2a7-95ca-8000-9ba2-011c48011c48_53769 Processing reference: FreeformRule.forum
2019-09-19 09:52:46.851 DEBUG content 13201 _a-0000e2a7-95ca-8000-9ba2-011c48011c48_53769 Processing reference: TypedVariable[name=status,it=3,v=]
2019-09-19 09:52:46.853 DEBUG content 13201 _a-0000e2a7-95ca-8000-9ba2-011c48011c48_53769 Processing reference: FreeformRule.parent
2019-09-19 09:52:46.857 DEBUG content 13201 _a-0000e2a7-95ca-8000-9ba2-011c48011c48_53769 Processing reference: com.appiancorp.suiteapi.content.ContentRoleMap@73246f79[
  ContentRole[name=readers,inherit=true,allowForAll=false]
  ContentRole[name=authors,inherit=true,allowForAll=false]
  ContentRole[name=administrators,inherit=true,allowForAll=false]
  ContentRole[name=denyReaders,inherit=false,allowForAll=false]
  ContentRole[name=denyAuthors,inherit=false,allowForAll=false]
  ContentRole[name=denyAdministrators,inherit=false,allowForAll=false]
  securityVector=15:SEC_PUBLIC=true,SEC_CREATOR_ADMIN=false,SEC_INH_ADMIN=true,SEC_INH_EDITOR=true,SEC_INH_VIEWER=true,SEC_ALL_ADMIN=false,SEC_ALL_EDITOR=false,SEC_ALL_VIEWER=false
]
2019-09-19 09:52:46.857 DEBUG content 13201 _a-0000e2a7-95ca-8000-9ba2-011c48011c48_53769 Processing reference: ContentRole[name=readers,inherit=true,allowForAll=false]
2019-09-19 09:52:46.857 DEBUG content 13201 _a-0000e2a7-95ca-8000-9ba2-011c48011c48_53769 Processing reference: ContentRole[name=authors,inherit=true,allowForAll=false]
2019-09-19 09:52:46.857 DEBUG content 13201 _a-0000e2a7-95ca-8000-9ba2-011c48011c48_53769 Processing reference: ContentRole[name=administrators,inherit=true,allowForAll=false]
2019-09-19 09:52:46.857 DEBUG content 13201 _a-0000e2a7-95ca-8000-9ba2-011c48011c48_53769 Processing reference: ContentRole[name=denyReaders,inherit=false,allowForAll=false]
2019-09-19 09:52:46.857 DEBUG content 13201 _a-0000e2a7-95ca-8000-9ba2-011c48011c48_53769 Processing reference: ContentRole[name=denyAuthors,inherit=false,allowForAll=false]
2019-09-19 09:52:46.857 DEBUG content 13201 _a-0000e2a7-95ca-8000-9ba2-011c48011c48_53769 Processing reference: ContentRole[name=denyAdministrators,inherit=false,allowForAll=false]
2019-09-19 09:52:46.857 DEBUG content 13201 _a-0000e2a7-95ca-8000-9ba2-011c48011c48_53769 Completing produce.
2019-09-19 09:52:46.857 DEBUG content 13201 _a-0000e2a7-95ca-8000-9ba2-011c48011c48_53769 Exporting binary resources.
2019-09-19 09:52:46.857 DEBUG content 13201 _a-0000e2a7-95ca-8000-9ba2-011c48011c48_53769 Serializing object to XML.
2019-09-19 09:52:46.872 DEBUG content 13201 _a-0000e2a7-95ca-8000-9ba2-011c48011c48_53769 Object transported.
2019-09-19 09:52:46.872 DEBUG content 8794 _a-0000e2a7-95ca-8000-9ba2-011c48011c48_53807 Begin transport.
2019-09-19 09:52:46.872 DEBUG content 8794 _a-0000e2a7-95ca-8000-9ba2-011c48011c48_53807 Retrieving object data.
2019-09-19 09:52:46.886 DEBUG content 8794 _a-0000e2a7-95ca-8000-9ba2-011c48011c48_53807 Setting uuids of object references.
2019-09-19 09:52:46.886 DEBUG content 8794 _a-0000e2a7-95ca-8000-9ba2-011c48011c48_53807 Processing reference: [Content:id=8789,versionId=-1,name=SS_UI_HierarchyBrowser,type=32,subtype=6,uuid=_a-0000e2a7-95ca-8000-9ba2-011c48011c48_53807,parent=8779]
2019-09-19 09:52:46.895 DEBUG content 8794 _a-0000e2a7-95ca-8000-9ba2-011c48011c48_53807 Processing reference: Interface.forum
2019-09-19 09:52:46.895 DEBUG content 8794 _a-0000e2a7-95ca-8000-9ba2-011c48011c48_53807 Processing reference: Interface.parent
2019-09-19 09:52:46.898 DEBUG content 8794 _a-0000e2a7-95ca-8000-9ba2-011c48011c48_53807 Processing reference: com.appiancorp.suiteapi.content.ContentRoleMap@3e6a6b2d[
  ContentRole[name=readers,inherit=true,allowForAll=false]
  ContentRole[name=authors,inherit=true,allowForAll=false]
  ContentRole[name=administrators,inherit=true,allowForAll=false]
  ContentRole[name=denyReaders,inherit=false,allowForAll=false]
  ContentRole[name=denyAuthors,inherit=false,allowForAll=false]
  ContentRole[name=denyAdministrators,inherit=false,allowForAll=false]
  securityVector=15:SEC_PUBLIC=true,SEC_CREATOR_ADMIN=false,SEC_INH_ADMIN=true,SEC_INH_EDITOR=true,SEC_INH_VIEWER=true,SEC_ALL_ADMIN=false,SEC_ALL_EDITOR=false,SEC_ALL_VIEWER=false
]
2019-09-19 09:52:46.898 DEBUG content 8794 _a-0000e2a7-95ca-8000-9ba2-011c48011c48_53807 Processing reference: ContentRole[name=readers,inherit=true,allowForAll=false]
2019-09-19 09:52:46.898 DEBUG content 8794 _a-0000e2a7-95ca-8000-9ba2-011c48011c48_53807 Processing reference: ContentRole[name=authors,inherit=true,allowForAll=false]
2019-09-19 09:52:46.898 DEBUG content 8794 _a-0000e2a7-95ca-8000-9ba2-011c48011c48_53807 Processing reference: ContentRole[name=administrators,inherit=true,allowForAll=false]
2019-09-19 09:52:46.898 DEBUG content 8794 _a-0000e2a7-95ca-8000-9ba2-011c48011c48_53807 Processing reference: ContentRole[name=denyReaders,inherit=false,allowForAll=false]
2019-09-19 09:52:46.898 DEBUG content 8794 _a-0000e2a7-95ca-8000-9ba2-011c48011c48_53807 Processing reference: ContentRole[name=denyAuthors,inherit=false,allowForAll=false]
2019-09-19 09:52:46.898 DEBUG content 8794 _a-0000e2a7-95ca-8000-9ba2-011c48011c48_53807 Processing reference: ContentRole[name=denyAdministrators,inherit=false,allowForAll=false]
2019-09-19 09:52:46.898 DEBUG content 8794 _a-0000e2a7-95ca-8000-9ba2-011c48011c48_53807 Completing produce.
2019-09-19 09:52:46.898 DEBUG content 8794 _a-0000e2a7-95ca-8000-9ba2-011c48011c48_53807 Exporting binary resources.
2019-09-19 09:52:46.898 DEBUG content 8794 _a-0000e2a7-95ca-8000-9ba2-011c48011c48_53807 Serializing object to XML.
2019-09-19 09:52:46.905 DEBUG content 8794 _a-0000e2a7-95ca-8000-9ba2-011c48011c48_53807 Object transported.
2019-09-19 09:52:46.905 DEBUG content 8792 _a-0000e2a7-95ca-8000-9ba2-011c48011c48_53821 Begin transport.
2019-09-19 09:52:46.905 DEBUG content 8792 _a-0000e2a7-95ca-8000-9ba2-011c48011c48_53821 Retrieving object data.
2019-09-19 09:52:46.912 DEBUG content 8792 _a-0000e2a7-95ca-8000-9ba2-011c48011c48_53821 Setting uuids of object references.
2019-09-19 09:52:46.913 DEBUG content 8792 _a-0000e2a7-95ca-8000-9ba2-011c48011c48_53821 Processing reference: [Content:id=8791,versionId=-1,name=SS_getColorCodeByStatus,type=32,subtype=1,uuid=_a-0000e2a7-95ca-8000-9ba2-011c48011c48_53821,parent=8779]
2019-09-19 09:52:46.913 DEBUG content 8792 _a-0000e2a7-95ca-8000-9ba2-011c48011c48_53821 Processing reference: FreeformRule.forum
2019-09-19 09:52:46.913 DEBUG content 8792 _a-0000e2a7-95ca-8000-9ba2-011c48011c48_53821 Processing reference: TypedVariable[name=status,it=3,v=]
2019-09-19 09:52:46.913 DEBUG content 8792 _a-0000e2a7-95ca-8000-9ba2-011c48011c48_53821 Processing reference: FreeformRule.parent
2019-09-19 09:52:46.916 DEBUG content 8792 _a-0000e2a7-95ca-8000-9ba2-011c48011c48_53821 Processing reference: com.appiancorp.suiteapi.content.ContentRoleMap@21e76790[
  ContentRole[name=readers,inherit=true,allowForAll=false]
  ContentRole[name=authors,inherit=true,allowForAll=false]
  ContentRole[name=administrators,inherit=true,allowForAll=false]
  ContentRole[name=denyReaders,inherit=false,allowForAll=false]
  ContentRole[name=denyAuthors,inherit=false,allowForAll=false]
  ContentRole[name=denyAdministrators,inherit=false,allowForAll=false]
  securityVector=15:SEC_PUBLIC=true,SEC_CREATOR_ADMIN=false,SEC_INH_ADMIN=true,SEC_INH_EDITOR=true,SEC_INH_VIEWER=true,SEC_ALL_ADMIN=false,SEC_ALL_EDITOR=false,SEC_ALL_VIEWER=false
]
2019-09-19 09:52:46.916 DEBUG content 8792 _a-0000e2a7-95ca-8000-9ba2-011c48011c48_53821 Processing reference: ContentRole[name=readers,inherit=true,allowForAll=false]
2019-09-19 09:52:46.916 DEBUG content 8792 _a-0000e2a7-95ca-8000-9ba2-011c48011c48_53821 Processing reference: ContentRole[name=authors,inherit=true,allowForAll=false]
2019-09-19 09:52:46.916 DEBUG content 8792 _a-0000e2a7-95ca-8000-9ba2-011c48011c48_53821 Processing reference: ContentRole[name=administrators,inherit=true,allowForAll=false]
2019-09-19 09:52:46.916 DEBUG content 8792 _a-0000e2a7-95ca-8000-9ba2-011c48011c48_53821 Processing reference: ContentRole[name=denyReaders,inherit=false,allowForAll=false]
2019-09-19 09:52:46.916 DEBUG content 8792 _a-0000e2a7-95ca-8000-9ba2-011c48011c48_53821 Processing reference: ContentRole[name=denyAuthors,inherit=false,allowForAll=false]
2019-09-19 09:52:46.916 DEBUG content 8792 _a-0000e2a7-95ca-8000-9ba2-011c48011c48_53821 Processing reference: ContentRole[name=denyAdministrators,inherit=false,allowForAll=false]
2019-09-19 09:52:46.916 DEBUG content 8792 _a-0000e2a7-95ca-8000-9ba2-011c48011c48_53821 Completing produce.
2019-09-19 09:52:46.916 DEBUG content 8792 _a-0000e2a7-95ca-8000-9ba2-011c48011c48_53821 Exporting binary resources.
2019-09-19 09:52:46.916 DEBUG content 8792 _a-0000e2a7-95ca-8000-9ba2-011c48011c48_53821 Serializing object to XML.
2019-09-19 09:52:46.925 DEBUG content 8792 _a-0000e2a7-95ca-8000-9ba2-011c48011c48_53821 Object transported.
2019-09-19 09:52:46.925 DEBUG content 13504 _a-0000e2a7-95ca-8000-9ba2-011c48011c48_57787 Begin transport.
2019-09-19 09:52:46.925 DEBUG content 13504 _a-0000e2a7-95ca-8000-9ba2-011c48011c48_57787 Retrieving object data.
2019-09-19 09:52:46.933 DEBUG content 13504 _a-0000e2a7-95ca-8000-9ba2-011c48011c48_57787 Setting uuids of object references.
2019-09-19 09:52:46.933 DEBUG content 13504 _a-0000e2a7-95ca-8000-9ba2-011c48011c48_57787 Processing reference: [Content:id=9226,versionId=-1,name=SS_test,type=32,subtype=6,uuid=_a-0000e2a7-95ca-8000-9ba2-011c48011c48_57787,parent=8779]
2019-09-19 09:52:46.954 DEBUG content 13504 _a-0000e2a7-95ca-8000-9ba2-011c48011c48_57787 Processing reference: Interface.forum
2019-09-19 09:52:46.955 DEBUG content 13504 _a-0000e2a7-95ca-8000-9ba2-011c48011c48_57787 Processing reference: TypedVariable[name=status,it=3,v=]
2019-09-19 09:52:46.955 DEBUG content 13504 _a-0000e2a7-95ca-8000-9ba2-011c48011c48_57787 Processing reference: TypedVariable[name=cdtRequestDetails,it=4468,v=<null>]
2019-09-19 09:52:46.955 DEBUG content 13504 _a-0000e2a7-95ca-8000-9ba2-011c48011c48_57787 Processing reference: Interface.parent
2019-09-19 09:52:46.957 DEBUG content 13504 _a-0000e2a7-95ca-8000-9ba2-011c48011c48_57787 Processing reference: com.appiancorp.suiteapi.content.ContentRoleMap@6f1b9821[
  ContentRole[name=readers,inherit=true,allowForAll=false]
  ContentRole[name=authors,inherit=true,allowForAll=false]
  ContentRole[name=administrators,inherit=true,allowForAll=false]
  ContentRole[name=denyReaders,inherit=false,allowForAll=false]
  ContentRole[name=denyAuthors,inherit=false,allowForAll=false]
  ContentRole[name=denyAdministrators,inherit=false,allowForAll=false]
  securityVector=15:SEC_PUBLIC=true,SEC_CREATOR_ADMIN=false,SEC_INH_ADMIN=true,SEC_INH_EDITOR=true,SEC_INH_VIEWER=true,SEC_ALL_ADMIN=false,SEC_ALL_EDITOR=false,SEC_ALL_VIEWER=false
]
2019-09-19 09:52:46.958 DEBUG content 13504 _a-0000e2a7-95ca-8000-9ba2-011c48011c48_57787 Processing reference: ContentRole[name=readers,inherit=true,allowForAll=false]
2019-09-19 09:52:46.958 DEBUG content 13504 _a-0000e2a7-95ca-8000-9ba2-011c48011c48_57787 Processing reference: ContentRole[name=authors,inherit=true,allowForAll=false]
2019-09-19 09:52:46.958 DEBUG content 13504 _a-0000e2a7-95ca-8000-9ba2-011c48011c48_57787 Processing reference: ContentRole[name=administrators,inherit=true,allowForAll=false]
2019-09-19 09:52:46.958 DEBUG content 13504 _a-0000e2a7-95ca-8000-9ba2-011c48011c48_57787 Processing reference: ContentRole[name=denyReaders,inherit=false,allowForAll=false]
2019-09-19 09:52:46.958 DEBUG content 13504 _a-0000e2a7-95ca-8000-9ba2-011c48011c48_57787 Processing reference: ContentRole[name=denyAuthors,inherit=false,allowForAll=false]
2019-09-19 09:52:46.958 DEBUG content 13504 _a-0000e2a7-95ca-8000-9ba2-011c48011c48_57787 Processing reference: ContentRole[name=denyAdministrators,inherit=false,allowForAll=false]
2019-09-19 09:52:46.958 DEBUG content 13504 _a-0000e2a7-95ca-8000-9ba2-011c48011c48_57787 Completing produce.
2019-09-19 09:52:46.958 DEBUG content 13504 _a-0000e2a7-95ca-8000-9ba2-011c48011c48_57787 Exporting binary resources.
2019-09-19 09:52:46.958 DEBUG content 13504 _a-0000e2a7-95ca-8000-9ba2-011c48011c48_57787 Serializing object to XML.
2019-09-19 09:52:46.971 DEBUG content 13504 _a-0000e2a7-95ca-8000-9ba2-011c48011c48_57787 Object transported.
2019-09-19 09:52:46.971 DEBUG content 13187 _a-0000e2f5-cb25-8000-9ba2-011c48011c48_105197 Begin transport.
2019-09-19 09:52:46.971 DEBUG content 13187 _a-0000e2f5-cb25-8000-9ba2-011c48011c48_105197 Retrieving object data.
2019-09-19 09:52:46.979 DEBUG content 13187 _a-0000e2f5-cb25-8000-9ba2-011c48011c48_105197 Setting uuids of object references.
2019-09-19 09:52:46.979 DEBUG content 13187 _a-0000e2f5-cb25-8000-9ba2-011c48011c48_105197 Processing reference: [Content:id=13155,versionId=-1,name=BREADCRUMB_IMAGES,type=32,subtype=0,uuid=_a-0000e2f5-cb25-8000-9ba2-011c48011c48_105197,parent=8779]
2019-09-19 09:52:47.003 DEBUG content 13187 _a-0000e2f5-cb25-8000-9ba2-011c48011c48_105197 Processing reference: Constant.forum
2019-09-19 09:52:47.004 DEBUG content 13187 _a-0000e2f5-cb25-8000-9ba2-011c48011c48_105197 Processing reference: Constant.parent
2019-09-19 09:52:47.006 DEBUG content 13187 _a-0000e2f5-cb25-8000-9ba2-011c48011c48_105197 Processing reference: com.appiancorp.suiteapi.content.ContentRoleMap@67c01f20[
  ContentRole[name=readers,inherit=true,allowForAll=false]
  ContentRole[name=authors,inherit=true,allowForAll=false]
  ContentRole[name=administrators,inherit=true,allowForAll=false]
  ContentRole[name=denyReaders,inherit=false,allowForAll=false]
  ContentRole[name=denyAuthors,inherit=false,allowForAll=false]
  ContentRole[name=denyAdministrators,inherit=false,allowForAll=false]
  securityVector=15:SEC_PUBLIC=true,SEC_CREATOR_ADMIN=false,SEC_INH_ADMIN=true,SEC_INH_EDITOR=true,SEC_INH_VIEWER=true,SEC_ALL_ADMIN=false,SEC_ALL_EDITOR=false,SEC_ALL_VIEWER=false
]
2019-09-19 09:52:47.006 DEBUG content 13187 _a-0000e2f5-cb25-8000-9ba2-011c48011c48_105197 Processing reference: ContentRole[name=readers,inherit=true,allowForAll=false]
2019-09-19 09:52:47.006 DEBUG content 13187 _a-0000e2f5-cb25-8000-9ba2-011c48011c48_105197 Processing reference: ContentRole[name=authors,inherit=true,allowForAll=false]
2019-09-19 09:52:47.006 DEBUG content 13187 _a-0000e2f5-cb25-8000-9ba2-011c48011c48_105197 Processing reference: ContentRole[name=administrators,inherit=true,allowForAll=false]
2019-09-19 09:52:47.006 DEBUG content 13187 _a-0000e2f5-cb25-8000-9ba2-011c48011c48_105197 Processing reference: ContentRole[name=denyReaders,inherit=false,allowForAll=false]
2019-09-19 09:52:47.006 DEBUG content 13187 _a-0000e2f5-cb25-8000-9ba2-011c48011c48_105197 Processing reference: ContentRole[name=denyAuthors,inherit=false,allowForAll=false]
2019-09-19 09:52:47.006 DEBUG content 13187 _a-0000e2f5-cb25-8000-9ba2-011c48011c48_105197 Processing reference: ContentRole[name=denyAdministrators,inherit=false,allowForAll=false]
2019-09-19 09:52:47.006 DEBUG content 13187 _a-0000e2f5-cb25-8000-9ba2-011c48011c48_105197 Completing produce.
2019-09-19 09:52:47.006 DEBUG content 13187 _a-0000e2f5-cb25-8000-9ba2-011c48011c48_105197 Exporting binary resources.
2019-09-19 09:52:47.006 DEBUG content 13187 _a-0000e2f5-cb25-8000-9ba2-011c48011c48_105197 Serializing object to XML.
2019-09-19 09:52:47.015 DEBUG content 13187 _a-0000e2f5-cb25-8000-9ba2-011c48011c48_105197 Object transported.
2019-09-19 09:52:47.015 DEBUG content 13658 _a-0000e2f5-cb25-8000-9ba2-011c48011c48_113140 Begin transport.
2019-09-19 09:52:47.015 DEBUG content 13658 _a-0000e2f5-cb25-8000-9ba2-011c48011c48_113140 Retrieving object data.
2019-09-19 09:52:47.023 DEBUG content 13658 _a-0000e2f5-cb25-8000-9ba2-011c48011c48_113140 Setting uuids of object references.
2019-09-19 09:52:47.024 DEBUG content 13658 _a-0000e2f5-cb25-8000-9ba2-011c48011c48_113140 Processing reference: CommunityKnowledgeCenter.forum
2019-09-19 09:52:47.024 DEBUG content 13658 _a-0000e2f5-cb25-8000-9ba2-011c48011c48_113140 Processing reference: CommunityKnowledgeCenter.parent
2019-09-19 09:52:47.027 DEBUG content 13658 _a-0000e2f5-cb25-8000-9ba2-011c48011c48_113140 Processing reference: com.appiancorp.suiteapi.content.ContentRoleMap@6c89c567[
  ContentRole[name=readers,inherit=false,allowForAll=false]
  ContentRole[name=authors,inherit=false,allowForAll=false]
  ContentRole[name=administrators,inherit=true,allowForAll=false]
  ContentRole[name=denyReaders,inherit=false,allowForAll=false]
  ContentRole[name=denyAuthors,inherit=false,allowForAll=false]
  ContentRole[name=denyAdministrators,inherit=false,allowForAll=false]
  securityVector=9:SEC_PUBLIC=true,SEC_CREATOR_ADMIN=false,SEC_INH_ADMIN=true,SEC_INH_EDITOR=false,SEC_INH_VIEWER=false,SEC_ALL_ADMIN=false,SEC_ALL_EDITOR=false,SEC_ALL_VIEWER=false
]
2019-09-19 09:52:47.027 DEBUG content 13658 _a-0000e2f5-cb25-8000-9ba2-011c48011c48_113140 Processing reference: ContentRole[name=readers,inherit=false,allowForAll=false]
2019-09-19 09:52:47.027 DEBUG content 13658 _a-0000e2f5-cb25-8000-9ba2-011c48011c48_113140 Processing reference: ContentRole[name=authors,inherit=false,allowForAll=false]
2019-09-19 09:52:47.027 DEBUG content 13658 _a-0000e2f5-cb25-8000-9ba2-011c48011c48_113140 Processing reference: ContentRole[name=administrators,inherit=true,allowForAll=false]
2019-09-19 09:52:47.027 DEBUG content 13658 _a-0000e2f5-cb25-8000-9ba2-011c48011c48_113140 Processing reference: ContentRole[name=denyReaders,inherit=false,allowForAll=false]
2019-09-19 09:52:47.027 DEBUG content 13658 _a-0000e2f5-cb25-8000-9ba2-011c48011c48_113140 Processing reference: ContentRole[name=denyAuthors,inherit=false,allowForAll=false]
2019-09-19 09:52:47.027 DEBUG content 13658 _a-0000e2f5-cb25-8000-9ba2-011c48011c48_113140 Processing reference: ContentRole[name=denyAdministrators,inherit=false,allowForAll=false]
2019-09-19 09:52:47.027 DEBUG content 13658 _a-0000e2f5-cb25-8000-9ba2-011c48011c48_113140 Completing produce.
2019-09-19 09:52:47.027 DEBUG content 13658 _a-0000e2f5-cb25-8000-9ba2-011c48011c48_113140 Exporting binary resources.
2019-09-19 09:52:47.027 DEBUG content 13658 _a-0000e2f5-cb25-8000-9ba2-011c48011c48_113140 Serializing object to XML.
2019-09-19 09:52:47.034 DEBUG content 13658 _a-0000e2f5-cb25-8000-9ba2-011c48011c48_113140 Object transported.
2019-09-19 09:52:47.034 DEBUG content 13659 _a-0000e2f5-cb25-8000-9ba2-011c48011c48_113147 Begin transport.
2019-09-19 09:52:47.034 DEBUG content 13659 _a-0000e2f5-cb25-8000-9ba2-011c48011c48_113147 Retrieving object data.
2019-09-19 09:52:47.042 DEBUG content 13659 _a-0000e2f5-cb25-8000-9ba2-011c48011c48_113147 Setting uuids of object references.
2019-09-19 09:52:47.042 DEBUG content 13659 _a-0000e2f5-cb25-8000-9ba2-011c48011c48_113147 Processing reference: KnowledgeFolder.forum
2019-09-19 09:52:47.042 DEBUG content 13659 _a-0000e2f5-cb25-8000-9ba2-011c48011c48_113147 Processing reference: KnowledgeFolder.parent
2019-09-19 09:52:47.044 DEBUG content 13659 _a-0000e2f5-cb25-8000-9ba2-011c48011c48_113147 Processing reference: com.appiancorp.suiteapi.content.ContentRoleMap@5122c8f8[
  ContentRole[name=readers,inherit=true,allowForAll=false]
  ContentRole[name=authors,inherit=true,allowForAll=false]
  ContentRole[name=administrators,inherit=true,allowForAll=false]
  ContentRole[name=denyReaders,inherit=false,allowForAll=false]
  ContentRole[name=denyAuthors,inherit=false,allowForAll=false]
  ContentRole[name=denyAdministrators,inherit=false,allowForAll=false]
  securityVector=15:SEC_PUBLIC=true,SEC_CREATOR_ADMIN=false,SEC_INH_ADMIN=true,SEC_INH_EDITOR=true,SEC_INH_VIEWER=true,SEC_ALL_ADMIN=false,SEC_ALL_EDITOR=false,SEC_ALL_VIEWER=false
]
2019-09-19 09:52:47.045 DEBUG content 13659 _a-0000e2f5-cb25-8000-9ba2-011c48011c48_113147 Processing reference: ContentRole[name=readers,inherit=true,allowForAll=false]
2019-09-19 09:52:47.045 DEBUG content 13659 _a-0000e2f5-cb25-8000-9ba2-011c48011c48_113147 Processing reference: ContentRole[name=authors,inherit=true,allowForAll=false]
2019-09-19 09:52:47.045 DEBUG content 13659 _a-0000e2f5-cb25-8000-9ba2-011c48011c48_113147 Processing reference: ContentRole[name=administrators,inherit=true,allowForAll=false]
2019-09-19 09:52:47.045 DEBUG content 13659 _a-0000e2f5-cb25-8000-9ba2-011c48011c48_113147 Processing reference: ContentRole[name=denyReaders,inherit=false,allowForAll=false]
2019-09-19 09:52:47.045 DEBUG content 13659 _a-0000e2f5-cb25-8000-9ba2-011c48011c48_113147 Processing reference: ContentRole[name=denyAuthors,inherit=false,allowForAll=false]
2019-09-19 09:52:47.045 DEBUG content 13659 _a-0000e2f5-cb25-8000-9ba2-011c48011c48_113147 Processing reference: ContentRole[name=denyAdministrators,inherit=false,allowForAll=false]
2019-09-19 09:52:47.045 DEBUG content 13659 _a-0000e2f5-cb25-8000-9ba2-011c48011c48_113147 Completing produce.
2019-09-19 09:52:47.045 DEBUG content 13659 _a-0000e2f5-cb25-8000-9ba2-011c48011c48_113147 Exporting binary resources.
2019-09-19 09:52:47.045 DEBUG content 13659 _a-0000e2f5-cb25-8000-9ba2-011c48011c48_113147 Serializing object to XML.
2019-09-19 09:52:47.052 DEBUG content 13659 _a-0000e2f5-cb25-8000-9ba2-011c48011c48_113147 Object transported.
2019-09-19 09:52:47.052 DEBUG content 13657 _a-0000e2f5-cb25-8000-9ba2-011c48011c48_113139 Begin transport.
2019-09-19 09:52:47.052 DEBUG content 13657 _a-0000e2f5-cb25-8000-9ba2-011c48011c48_113139 Retrieving object data.
2019-09-19 09:52:47.059 DEBUG content 13657 _a-0000e2f5-cb25-8000-9ba2-011c48011c48_113139 Setting uuids of object references.
2019-09-19 09:52:47.059 DEBUG content 13657 _a-0000e2f5-cb25-8000-9ba2-011c48011c48_113139 Processing reference: Document.forum
2019-09-19 09:52:47.059 DEBUG content 13657 _a-0000e2f5-cb25-8000-9ba2-011c48011c48_113139 Processing reference: Document.parent
2019-09-19 09:52:47.061 DEBUG content 13657 _a-0000e2f5-cb25-8000-9ba2-011c48011c48_113139 Processing reference: com.appiancorp.suiteapi.content.ContentRoleMap@654b4ea[
  ContentRole[name=readers,inherit=true,allowForAll=false]
  ContentRole[name=authors,inherit=true,allowForAll=false]
  ContentRole[name=administrators,inherit=true,allowForAll=false]
  ContentRole[name=denyReaders,inherit=false,allowForAll=false]
  ContentRole[name=denyAuthors,inherit=false,allowForAll=false]
  ContentRole[name=denyAdministrators,inherit=false,allowForAll=false]
  securityVector=15:SEC_PUBLIC=true,SEC_CREATOR_ADMIN=false,SEC_INH_ADMIN=true,SEC_INH_EDITOR=true,SEC_INH_VIEWER=true,SEC_ALL_ADMIN=false,SEC_ALL_EDITOR=false,SEC_ALL_VIEWER=false
]
2019-09-19 09:52:47.061 DEBUG content 13657 _a-0000e2f5-cb25-8000-9ba2-011c48011c48_113139 Processing reference: ContentRole[name=readers,inherit=true,allowForAll=false]
2019-09-19 09:52:47.061 DEBUG content 13657 _a-0000e2f5-cb25-8000-9ba2-011c48011c48_113139 Processing reference: ContentRole[name=authors,inherit=true,allowForAll=false]
2019-09-19 09:52:47.061 DEBUG content 13657 _a-0000e2f5-cb25-8000-9ba2-011c48011c48_113139 Processing reference: ContentRole[name=administrators,inherit=true,allowForAll=false]
2019-09-19 09:52:47.061 DEBUG content 13657 _a-0000e2f5-cb25-8000-9ba2-011c48011c48_113139 Processing reference: ContentRole[name=denyReaders,inherit=false,allowForAll=false]
2019-09-19 09:52:47.061 DEBUG content 13657 _a-0000e2f5-cb25-8000-9ba2-011c48011c48_113139 Processing reference: ContentRole[name=denyAuthors,inherit=false,allowForAll=false]
2019-09-19 09:52:47.061 DEBUG content 13657 _a-0000e2f5-cb25-8000-9ba2-011c48011c48_113139 Processing reference: ContentRole[name=denyAdministrators,inherit=false,allowForAll=false]
2019-09-19 09:52:47.061 DEBUG content 13657 _a-0000e2f5-cb25-8000-9ba2-011c48011c48_113139 Completing produce.
2019-09-19 09:52:47.061 DEBUG content 13657 _a-0000e2f5-cb25-8000-9ba2-011c48011c48_113139 Exporting binary resources.
2019-09-19 09:52:47.074 DEBUG content 13657 _a-0000e2f5-cb25-8000-9ba2-011c48011c48_113139 Serializing object to XML.
2019-09-19 09:52:47.077 DEBUG content 13657 _a-0000e2f5-cb25-8000-9ba2-011c48011c48_113139 Object transported.
2019-09-19 09:52:47.077 DEBUG content 15276 _a-0000e323-af86-8000-9ba2-011c48011c48_122391 Begin transport.
2019-09-19 09:52:47.077 DEBUG content 15276 _a-0000e323-af86-8000-9ba2-011c48011c48_122391 Retrieving object data.
2019-09-19 09:52:47.085 DEBUG content 15276 _a-0000e323-af86-8000-9ba2-011c48011c48_122391 Setting uuids of object references.
2019-09-19 09:52:47.085 DEBUG content 15276 _a-0000e323-af86-8000-9ba2-011c48011c48_122391 Processing reference: [Content:id=15180,versionId=-1,name=test_usermgmt,type=32,subtype=1,uuid=_a-0000e323-af86-8000-9ba2-011c48011c48_122391,parent=8779]
2019-09-19 09:52:47.096 DEBUG content 15276 _a-0000e323-af86-8000-9ba2-011c48011c48_122391 Processing reference: FreeformRule.forum
2019-09-19 09:52:47.096 DEBUG content 15276 _a-0000e323-af86-8000-9ba2-011c48011c48_122391 Processing reference: FreeformRule.parent
2019-09-19 09:52:47.098 DEBUG content 15276 _a-0000e323-af86-8000-9ba2-011c48011c48_122391 Processing reference: com.appiancorp.suiteapi.content.ContentRoleMap@354240f9[
  ContentRole[name=readers,inherit=true,allowForAll=false]
  ContentRole[name=authors,inherit=true,allowForAll=false]
  ContentRole[name=administrators,inherit=true,allowForAll=false]
  ContentRole[name=denyReaders,inherit=false,allowForAll=false]
  ContentRole[name=denyAuthors,inherit=false,allowForAll=false]
  ContentRole[name=denyAdministrators,inherit=false,allowForAll=false]
  securityVector=15:SEC_PUBLIC=true,SEC_CREATOR_ADMIN=false,SEC_INH_ADMIN=true,SEC_INH_EDITOR=true,SEC_INH_VIEWER=true,SEC_ALL_ADMIN=false,SEC_ALL_EDITOR=false,SEC_ALL_VIEWER=false
]
2019-09-19 09:52:47.098 DEBUG content 15276 _a-0000e323-af86-8000-9ba2-011c48011c48_122391 Processing reference: ContentRole[name=readers,inherit=true,allowForAll=false]
2019-09-19 09:52:47.098 DEBUG content 15276 _a-0000e323-af86-8000-9ba2-011c48011c48_122391 Processing reference: ContentRole[name=authors,inherit=true,allowForAll=false]
2019-09-19 09:52:47.098 DEBUG content 15276 _a-0000e323-af86-8000-9ba2-011c48011c48_122391 Processing reference: ContentRole[name=administrators,inherit=true,allowForAll=false]
2019-09-19 09:52:47.098 DEBUG content 15276 _a-0000e323-af86-8000-9ba2-011c48011c48_122391 Processing reference: ContentRole[name=denyReaders,inherit=false,allowForAll=false]
2019-09-19 09:52:47.098 DEBUG content 15276 _a-0000e323-af86-8000-9ba2-011c48011c48_122391 Processing reference: ContentRole[name=denyAuthors,inherit=false,allowForAll=false]
2019-09-19 09:52:47.098 DEBUG content 15276 _a-0000e323-af86-8000-9ba2-011c48011c48_122391 Processing reference: ContentRole[name=denyAdministrators,inherit=false,allowForAll=false]
2019-09-19 09:52:47.098 DEBUG content 15276 _a-0000e323-af86-8000-9ba2-011c48011c48_122391 Completing produce.
2019-09-19 09:52:47.098 DEBUG content 15276 _a-0000e323-af86-8000-9ba2-011c48011c48_122391 Exporting binary resources.
2019-09-19 09:52:47.098 DEBUG content 15276 _a-0000e323-af86-8000-9ba2-011c48011c48_122391 Serializing object to XML.
2019-09-19 09:52:47.104 DEBUG content 15276 _a-0000e323-af86-8000-9ba2-011c48011c48_122391 Object transported.
2019-09-19 09:52:47.104 DEBUG content 15249 _a-0000e323-af86-8000-9ba2-011c48011c48_123010 Begin transport.
2019-09-19 09:52:47.104 DEBUG content 15249 _a-0000e323-af86-8000-9ba2-011c48011c48_123010 Retrieving object data.
2019-09-19 09:52:47.112 DEBUG content 15249 _a-0000e323-af86-8000-9ba2-011c48011c48_123010 Setting uuids of object references.
2019-09-19 09:52:47.112 DEBUG content 15249 _a-0000e323-af86-8000-9ba2-011c48011c48_123010 Processing reference: [Content:id=15239,versionId=-1,name=test_getFilteredMembers,type=32,subtype=1,uuid=_a-0000e323-af86-8000-9ba2-011c48011c48_123010,parent=8779]
2019-09-19 09:52:47.114 DEBUG content 15249 _a-0000e323-af86-8000-9ba2-011c48011c48_123010 Processing reference: FreeformRule.forum
2019-09-19 09:52:47.115 DEBUG content 15249 _a-0000e323-af86-8000-9ba2-011c48011c48_123010 Processing reference: TypedVariable[name=data,it=4463,v=<null>]
2019-09-19 09:52:47.115 DEBUG content 15249 _a-0000e323-af86-8000-9ba2-011c48011c48_123010 Processing reference: TypedVariable[name=searchValue,it=3,v=]
2019-09-19 09:52:47.115 DEBUG content 15249 _a-0000e323-af86-8000-9ba2-011c48011c48_123010 Processing reference: FreeformRule.parent
2019-09-19 09:52:47.117 DEBUG content 15249 _a-0000e323-af86-8000-9ba2-011c48011c48_123010 Processing reference: com.appiancorp.suiteapi.content.ContentRoleMap@41ba3ebb[
  ContentRole[name=readers,inherit=true,allowForAll=false]
  ContentRole[name=authors,inherit=true,allowForAll=false]
  ContentRole[name=administrators,inherit=true,allowForAll=false]
  ContentRole[name=denyReaders,inherit=false,allowForAll=false]
  ContentRole[name=denyAuthors,inherit=false,allowForAll=false]
  ContentRole[name=denyAdministrators,inherit=false,allowForAll=false]
  securityVector=15:SEC_PUBLIC=true,SEC_CREATOR_ADMIN=false,SEC_INH_ADMIN=true,SEC_INH_EDITOR=true,SEC_INH_VIEWER=true,SEC_ALL_ADMIN=false,SEC_ALL_EDITOR=false,SEC_ALL_VIEWER=false
]
2019-09-19 09:52:47.117 DEBUG content 15249 _a-0000e323-af86-8000-9ba2-011c48011c48_123010 Processing reference: ContentRole[name=readers,inherit=true,allowForAll=false]
2019-09-19 09:52:47.117 DEBUG content 15249 _a-0000e323-af86-8000-9ba2-011c48011c48_123010 Processing reference: ContentRole[name=authors,inherit=true,allowForAll=false]
2019-09-19 09:52:47.117 DEBUG content 15249 _a-0000e323-af86-8000-9ba2-011c48011c48_123010 Processing reference: ContentRole[name=administrators,inherit=true,allowForAll=false]
2019-09-19 09:52:47.117 DEBUG content 15249 _a-0000e323-af86-8000-9ba2-011c48011c48_123010 Processing reference: ContentRole[name=denyReaders,inherit=false,allowForAll=false]
2019-09-19 09:52:47.117 DEBUG content 15249 _a-0000e323-af86-8000-9ba2-011c48011c48_123010 Processing reference: ContentRole[name=denyAuthors,inherit=false,allowForAll=false]
2019-09-19 09:52:47.117 DEBUG content 15249 _a-0000e323-af86-8000-9ba2-011c48011c48_123010 Processing reference: ContentRole[name=denyAdministrators,inherit=false,allowForAll=false]
2019-09-19 09:52:47.118 DEBUG content 15249 _a-0000e323-af86-8000-9ba2-011c48011c48_123010 Completing produce.
2019-09-19 09:52:47.118 DEBUG content 15249 _a-0000e323-af86-8000-9ba2-011c48011c48_123010 Exporting binary resources.
2019-09-19 09:52:47.118 DEBUG content 15249 _a-0000e323-af86-8000-9ba2-011c48011c48_123010 Serializing object to XML.
2019-09-19 09:52:47.128 DEBUG content 15249 _a-0000e323-af86-8000-9ba2-011c48011c48_123010 Object transported.
2019-09-19 09:52:47.128 DEBUG content 15272 _a-0000e324-cf90-8000-9ba2-011c48011c48_123621 Begin transport.
2019-09-19 09:52:47.128 DEBUG content 15272 _a-0000e324-cf90-8000-9ba2-011c48011c48_123621 Retrieving object data.
2019-09-19 09:52:47.136 DEBUG content 15272 _a-0000e324-cf90-8000-9ba2-011c48011c48_123621 Setting uuids of object references.
2019-09-19 09:52:47.136 DEBUG content 15272 _a-0000e324-cf90-8000-9ba2-011c48011c48_123621 Processing reference: [Content:id=15272,versionId=-1,name=test_groupmgmt,type=32,subtype=1,uuid=_a-0000e324-cf90-8000-9ba2-011c48011c48_123621,parent=8779]
2019-09-19 09:52:47.143 DEBUG content 15272 _a-0000e324-cf90-8000-9ba2-011c48011c48_123621 Processing reference: FreeformRule.forum
2019-09-19 09:52:47.144 DEBUG content 15272 _a-0000e324-cf90-8000-9ba2-011c48011c48_123621 Processing reference: FreeformRule.parent
2019-09-19 09:52:47.146 DEBUG content 15272 _a-0000e324-cf90-8000-9ba2-011c48011c48_123621 Processing reference: com.appiancorp.suiteapi.content.ContentRoleMap@42b79ae6[
  ContentRole[name=readers,inherit=true,allowForAll=false]
  ContentRole[name=authors,inherit=true,allowForAll=false]
  ContentRole[name=administrators,usernames=[SmitaA],inherit=true,allowForAll=false]
  ContentRole[name=denyReaders,inherit=false,allowForAll=false]
  ContentRole[name=denyAuthors,inherit=false,allowForAll=false]
  ContentRole[name=denyAdministrators,inherit=false,allowForAll=false]
  securityVector=143:SEC_PUBLIC=true,SEC_CREATOR_ADMIN=true,SEC_INH_ADMIN=true,SEC_INH_EDITOR=true,SEC_INH_VIEWER=true,SEC_ALL_ADMIN=false,SEC_ALL_EDITOR=false,SEC_ALL_VIEWER=false
]
2019-09-19 09:52:47.146 DEBUG content 15272 _a-0000e324-cf90-8000-9ba2-011c48011c48_123621 Processing reference: ContentRole[name=readers,inherit=true,allowForAll=false]
2019-09-19 09:52:47.146 DEBUG content 15272 _a-0000e324-cf90-8000-9ba2-011c48011c48_123621 Processing reference: ContentRole[name=authors,inherit=true,allowForAll=false]
2019-09-19 09:52:47.146 DEBUG content 15272 _a-0000e324-cf90-8000-9ba2-011c48011c48_123621 Processing reference: ContentRole[name=administrators,usernames=[SmitaA],inherit=true,allowForAll=false]
2019-09-19 09:52:47.147 DEBUG content 15272 _a-0000e324-cf90-8000-9ba2-011c48011c48_123621 Processing reference: ContentRole[name=denyReaders,inherit=false,allowForAll=false]
2019-09-19 09:52:47.147 DEBUG content 15272 _a-0000e324-cf90-8000-9ba2-011c48011c48_123621 Processing reference: ContentRole[name=denyAuthors,inherit=false,allowForAll=false]
2019-09-19 09:52:47.147 DEBUG content 15272 _a-0000e324-cf90-8000-9ba2-011c48011c48_123621 Processing reference: ContentRole[name=denyAdministrators,inherit=false,allowForAll=false]
2019-09-19 09:52:47.147 DEBUG content 15272 _a-0000e324-cf90-8000-9ba2-011c48011c48_123621 Completing produce.
2019-09-19 09:52:47.147 DEBUG content 15272 _a-0000e324-cf90-8000-9ba2-011c48011c48_123621 Exporting binary resources.
2019-09-19 09:52:47.147 DEBUG content 15272 _a-0000e324-cf90-8000-9ba2-011c48011c48_123621 Serializing object to XML.
2019-09-19 09:52:47.153 DEBUG content 15272 _a-0000e324-cf90-8000-9ba2-011c48011c48_123621 Object transported.
2019-09-19 09:52:47.153 DEBUG content 15315 _a-0000e324-cf90-8000-9ba2-011c48011c48_124295 Begin transport.
2019-09-19 09:52:47.153 DEBUG content 15315 _a-0000e324-cf90-8000-9ba2-011c48011c48_124295 Retrieving object data.
2019-09-19 09:52:47.167 DEBUG content 15315 _a-0000e324-cf90-8000-9ba2-011c48011c48_124295 Setting uuids of object references.
2019-09-19 09:52:47.168 DEBUG content 15315 _a-0000e324-cf90-8000-9ba2-011c48011c48_124295 Processing reference: [Content:id=15315,versionId=-1,name=SS_USER_MANAGEMENT_RECORD,type=32,subtype=0,uuid=_a-0000e324-cf90-8000-9ba2-011c48011c48_124295,parent=8779]
2019-09-19 09:52:47.17 DEBUG recordType 27 f66ef4c5-8892-4b3a-a0ad-39df7a1508ad Begin transport.
2019-09-19 09:52:47.17 DEBUG recordType 27 f66ef4c5-8892-4b3a-a0ad-39df7a1508ad Retrieving object data.
2019-09-19 09:52:47.198 DEBUG recordType 27 f66ef4c5-8892-4b3a-a0ad-39df7a1508ad Setting uuids of object references.
2019-09-19 09:52:47.198 DEBUG recordType 27 f66ef4c5-8892-4b3a-a0ad-39df7a1508ad Processing reference: RecordType.dataSrcExpr
2019-09-19 09:52:47.198 DEBUG recordType 27 f66ef4c5-8892-4b3a-a0ad-39df7a1508ad Processing reference: RecordType.defaultFilters
2019-09-19 09:52:47.198 DEBUG recordType 27 f66ef4c5-8892-4b3a-a0ad-39df7a1508ad Processing reference: RecordType.defaultFiltersExpr
2019-09-19 09:52:47.199 DEBUG recordType 27 f66ef4c5-8892-4b3a-a0ad-39df7a1508ad Processing reference: DetailViewCfg.headerExpr
2019-09-19 09:52:47.199 DEBUG recordType 27 f66ef4c5-8892-4b3a-a0ad-39df7a1508ad Processing reference: DetailViewCfg.nameExpr
2019-09-19 09:52:47.199 DEBUG recordType 27 f66ef4c5-8892-4b3a-a0ad-39df7a1508ad Processing reference: DetailViewCfg.uiExpr
2019-09-19 09:52:47.21 DEBUG recordType 27 f66ef4c5-8892-4b3a-a0ad-39df7a1508ad Processing reference: DetailViewCfg.visibilityExpr
2019-09-19 09:52:47.21 DEBUG recordType 27 f66ef4c5-8892-4b3a-a0ad-39df7a1508ad Processing reference: RecordType.facetsListExpr
2019-09-19 09:52:47.21 DEBUG recordType 27 f66ef4c5-8892-4b3a-a0ad-39df7a1508ad Processing reference: RecordType.listViewSrcExpr
2019-09-19 09:52:47.218 DEBUG recordType 27 f66ef4c5-8892-4b3a-a0ad-39df7a1508ad Processing reference: RecordType.listViewTemplateExpr
2019-09-19 09:52:47.242 DEBUG recordType 27 f66ef4c5-8892-4b3a-a0ad-39df7a1508ad Processing reference: RecordType.recordViewSrcExpr
2019-09-19 09:52:47.245 DEBUG recordType 27 f66ef4c5-8892-4b3a-a0ad-39df7a1508ad Processing reference: RecordType.source
2019-09-19 09:52:47.245 DEBUG recordType 27 f66ef4c5-8892-4b3a-a0ad-39df7a1508ad Processing reference: RecordType.titleExpr
2019-09-19 09:52:47.246 DEBUG recordType 27 f66ef4c5-8892-4b3a-a0ad-39df7a1508ad Processing reference: Role[name=record_type_administrator,groupIds=[38]]
2019-09-19 09:52:47.247 DEBUG recordType 27 f66ef4c5-8892-4b3a-a0ad-39df7a1508ad Completing produce.
2019-09-19 09:52:47.248 DEBUG recordType 27 f66ef4c5-8892-4b3a-a0ad-39df7a1508ad Exporting binary resources.
2019-09-19 09:52:47.248 DEBUG recordType 27 f66ef4c5-8892-4b3a-a0ad-39df7a1508ad Serializing object to XML.
2019-09-19 09:52:47.255 DEBUG recordType 27 f66ef4c5-8892-4b3a-a0ad-39df7a1508ad Object transported.
2019-09-19 09:52:47.255 DEBUG content 15315 _a-0000e324-cf90-8000-9ba2-011c48011c48_124295 Processing reference: Constant.forum
2019-09-19 09:52:47.255 DEBUG content 15315 _a-0000e324-cf90-8000-9ba2-011c48011c48_124295 Processing reference: Constant.parent
2019-09-19 09:52:47.258 DEBUG content 15315 _a-0000e324-cf90-8000-9ba2-011c48011c48_124295 Processing reference: com.appiancorp.suiteapi.content.ContentRoleMap@41599b18[
  ContentRole[name=readers,inherit=true,allowForAll=false]
  ContentRole[name=authors,inherit=true,allowForAll=false]
  ContentRole[name=administrators,inherit=true,allowForAll=false]
  ContentRole[name=denyReaders,inherit=false,allowForAll=false]
  ContentRole[name=denyAuthors,inherit=false,allowForAll=false]
  ContentRole[name=denyAdministrators,inherit=false,allowForAll=false]
  securityVector=15:SEC_PUBLIC=true,SEC_CREATOR_ADMIN=false,SEC_INH_ADMIN=true,SEC_INH_EDITOR=true,SEC_INH_VIEWER=true,SEC_ALL_ADMIN=false,SEC_ALL_EDITOR=false,SEC_ALL_VIEWER=false
]
2019-09-19 09:52:47.258 DEBUG content 15315 _a-0000e324-cf90-8000-9ba2-011c48011c48_124295 Processing reference: ContentRole[name=readers,inherit=true,allowForAll=false]
2019-09-19 09:52:47.258 DEBUG content 15315 _a-0000e324-cf90-8000-9ba2-011c48011c48_124295 Processing reference: ContentRole[name=authors,inherit=true,allowForAll=false]
2019-09-19 09:52:47.258 DEBUG content 15315 _a-0000e324-cf90-8000-9ba2-011c48011c48_124295 Processing reference: ContentRole[name=administrators,inherit=true,allowForAll=false]
2019-09-19 09:52:47.258 DEBUG content 15315 _a-0000e324-cf90-8000-9ba2-011c48011c48_124295 Processing reference: ContentRole[name=denyReaders,inherit=false,allowForAll=false]
2019-09-19 09:52:47.258 DEBUG content 15315 _a-0000e324-cf90-8000-9ba2-011c48011c48_124295 Processing reference: ContentRole[name=denyAuthors,inherit=false,allowForAll=false]
2019-09-19 09:52:47.258 DEBUG content 15315 _a-0000e324-cf90-8000-9ba2-011c48011c48_124295 Processing reference: ContentRole[name=denyAdministrators,inherit=false,allowForAll=false]
2019-09-19 09:52:47.258 DEBUG content 15315 _a-0000e324-cf90-8000-9ba2-011c48011c48_124295 Completing produce.
2019-09-19 09:52:47.258 DEBUG content 15315 _a-0000e324-cf90-8000-9ba2-011c48011c48_124295 Exporting binary resources.
2019-09-19 09:52:47.258 DEBUG content 15315 _a-0000e324-cf90-8000-9ba2-011c48011c48_124295 Serializing object to XML.
2019-09-19 09:52:47.266 DEBUG content 15315 _a-0000e324-cf90-8000-9ba2-011c48011c48_124295 Object transported.
2019-09-19 09:52:47.266 DEBUG content 16655 _a-0000e324-cf90-8000-9ba2-011c48011c48_136970 Begin transport.
2019-09-19 09:52:47.266 DEBUG content 16655 _a-0000e324-cf90-8000-9ba2-011c48011c48_136970 Retrieving object data.
2019-09-19 09:52:47.275 DEBUG content 16655 _a-0000e324-cf90-8000-9ba2-011c48011c48_136970 Setting uuids of object references.
2019-09-19 09:52:47.275 DEBUG content 16655 _a-0000e324-cf90-8000-9ba2-011c48011c48_136970 Processing reference: [Content:id=16470,versionId=-1,name=SS_calendarView,type=32,subtype=6,uuid=_a-0000e324-cf90-8000-9ba2-011c48011c48_136970,parent=8779]
2019-09-19 09:52:47.294 DEBUG content 16655 _a-0000e324-cf90-8000-9ba2-011c48011c48_136970 Processing reference: Interface.forum
2019-09-19 09:52:47.294 DEBUG content 16655 _a-0000e324-cf90-8000-9ba2-011c48011c48_136970 Processing reference: Interface.parent
2019-09-19 09:52:47.297 DEBUG content 16655 _a-0000e324-cf90-8000-9ba2-011c48011c48_136970 Processing reference: com.appiancorp.suiteapi.content.ContentRoleMap@39b8f90f[
  ContentRole[name=readers,inherit=true,allowForAll=false]
  ContentRole[name=authors,inherit=true,allowForAll=false]
  ContentRole[name=administrators,inherit=true,allowForAll=false]
  ContentRole[name=denyReaders,inherit=false,allowForAll=false]
  ContentRole[name=denyAuthors,inherit=false,allowForAll=false]
  ContentRole[name=denyAdministrators,inherit=false,allowForAll=false]
  securityVector=15:SEC_PUBLIC=true,SEC_CREATOR_ADMIN=false,SEC_INH_ADMIN=true,SEC_INH_EDITOR=true,SEC_INH_VIEWER=true,SEC_ALL_ADMIN=false,SEC_ALL_EDITOR=false,SEC_ALL_VIEWER=false
]
2019-09-19 09:52:47.297 DEBUG content 16655 _a-0000e324-cf90-8000-9ba2-011c48011c48_136970 Processing reference: ContentRole[name=readers,inherit=true,allowForAll=false]
2019-09-19 09:52:47.297 DEBUG content 16655 _a-0000e324-cf90-8000-9ba2-011c48011c48_136970 Processing reference: ContentRole[name=authors,inherit=true,allowForAll=false]
2019-09-19 09:52:47.297 DEBUG content 16655 _a-0000e324-cf90-8000-9ba2-011c48011c48_136970 Processing reference: ContentRole[name=administrators,inherit=true,allowForAll=false]
2019-09-19 09:52:47.297 DEBUG content 16655 _a-0000e324-cf90-8000-9ba2-011c48011c48_136970 Processing reference: ContentRole[name=denyReaders,inherit=false,allowForAll=false]
2019-09-19 09:52:47.297 DEBUG content 16655 _a-0000e324-cf90-8000-9ba2-011c48011c48_136970 Processing reference: ContentRole[name=denyAuthors,inherit=false,allowForAll=false]
2019-09-19 09:52:47.297 DEBUG content 16655 _a-0000e324-cf90-8000-9ba2-011c48011c48_136970 Processing reference: ContentRole[name=denyAdministrators,inherit=false,allowForAll=false]
2019-09-19 09:52:47.297 DEBUG content 16655 _a-0000e324-cf90-8000-9ba2-011c48011c48_136970 Completing produce.
2019-09-19 09:52:47.297 DEBUG content 16655 _a-0000e324-cf90-8000-9ba2-011c48011c48_136970 Exporting binary resources.
2019-09-19 09:52:47.297 DEBUG content 16655 _a-0000e324-cf90-8000-9ba2-011c48011c48_136970 Serializing object to XML.
2019-09-19 09:52:47.303 DEBUG content 16655 _a-0000e324-cf90-8000-9ba2-011c48011c48_136970 Object transported.
2019-09-19 09:52:47.303 DEBUG content 16654 _a-0000e324-cf90-8000-9ba2-011c48011c48_137512 Begin transport.
2019-09-19 09:52:47.303 DEBUG content 16654 _a-0000e324-cf90-8000-9ba2-011c48011c48_137512 Retrieving object data.
2019-09-19 09:52:47.312 DEBUG content 16654 _a-0000e324-cf90-8000-9ba2-011c48011c48_137512 Setting uuids of object references.
2019-09-19 09:52:47.312 DEBUG content 16654 _a-0000e324-cf90-8000-9ba2-011c48011c48_137512 Processing reference: [Content:id=16530,versionId=-1,name=SS_getDateForCardLayout,type=32,subtype=1,uuid=_a-0000e324-cf90-8000-9ba2-011c48011c48_137512,parent=8779]
2019-09-19 09:52:47.313 DEBUG content 16654 _a-0000e324-cf90-8000-9ba2-011c48011c48_137512 Processing reference: FreeformRule.forum
2019-09-19 09:52:47.313 DEBUG content 16654 _a-0000e324-cf90-8000-9ba2-011c48011c48_137512 Processing reference: TypedVariable[name=year,it=1,v=<null>]
2019-09-19 09:52:47.313 DEBUG content 16654 _a-0000e324-cf90-8000-9ba2-011c48011c48_137512 Processing reference: TypedVariable[name=month,it=1,v=<null>]
2019-09-19 09:52:47.313 DEBUG content 16654 _a-0000e324-cf90-8000-9ba2-011c48011c48_137512 Processing reference: FreeformRule.parent
2019-09-19 09:52:47.316 DEBUG content 16654 _a-0000e324-cf90-8000-9ba2-011c48011c48_137512 Processing reference: com.appiancorp.suiteapi.content.ContentRoleMap@1a8c4ccc[
  ContentRole[name=readers,inherit=true,allowForAll=false]
  ContentRole[name=authors,inherit=true,allowForAll=false]
  ContentRole[name=administrators,inherit=true,allowForAll=false]
  ContentRole[name=denyReaders,inherit=false,allowForAll=false]
  ContentRole[name=denyAuthors,inherit=false,allowForAll=false]
  ContentRole[name=denyAdministrators,inherit=false,allowForAll=false]
  securityVector=15:SEC_PUBLIC=true,SEC_CREATOR_ADMIN=false,SEC_INH_ADMIN=true,SEC_INH_EDITOR=true,SEC_INH_VIEWER=true,SEC_ALL_ADMIN=false,SEC_ALL_EDITOR=false,SEC_ALL_VIEWER=false
]
2019-09-19 09:52:47.316 DEBUG content 16654 _a-0000e324-cf90-8000-9ba2-011c48011c48_137512 Processing reference: ContentRole[name=readers,inherit=true,allowForAll=false]
2019-09-19 09:52:47.316 DEBUG content 16654 _a-0000e324-cf90-8000-9ba2-011c48011c48_137512 Processing reference: ContentRole[name=authors,inherit=true,allowForAll=false]
2019-09-19 09:52:47.316 DEBUG content 16654 _a-0000e324-cf90-8000-9ba2-011c48011c48_137512 Processing reference: ContentRole[name=administrators,inherit=true,allowForAll=false]
2019-09-19 09:52:47.316 DEBUG content 16654 _a-0000e324-cf90-8000-9ba2-011c48011c48_137512 Processing reference: ContentRole[name=denyReaders,inherit=false,allowForAll=false]
2019-09-19 09:52:47.316 DEBUG content 16654 _a-0000e324-cf90-8000-9ba2-011c48011c48_137512 Processing reference: ContentRole[name=denyAuthors,inherit=false,allowForAll=false]
2019-09-19 09:52:47.316 DEBUG content 16654 _a-0000e324-cf90-8000-9ba2-011c48011c48_137512 Processing reference: ContentRole[name=denyAdministrators,inherit=false,allowForAll=false]
2019-09-19 09:52:47.316 DEBUG content 16654 _a-0000e324-cf90-8000-9ba2-011c48011c48_137512 Completing produce.
2019-09-19 09:52:47.316 DEBUG content 16654 _a-0000e324-cf90-8000-9ba2-011c48011c48_137512 Exporting binary resources.
2019-09-19 09:52:47.316 DEBUG content 16654 _a-0000e324-cf90-8000-9ba2-011c48011c48_137512 Serializing object to XML.
2019-09-19 09:52:47.326 DEBUG content 16654 _a-0000e324-cf90-8000-9ba2-011c48011c48_137512 Object transported.
2019-09-19 09:52:47.326 DEBUG content 16571 _a-0000e324-cf90-8000-9ba2-011c48011c48_137543 Begin transport.
2019-09-19 09:52:47.326 DEBUG content 16571 _a-0000e324-cf90-8000-9ba2-011c48011c48_137543 Retrieving object data.
2019-09-19 09:52:47.335 DEBUG content 16571 _a-0000e324-cf90-8000-9ba2-011c48011c48_137543 Setting uuids of object references.
2019-09-19 09:52:47.335 DEBUG content 16571 _a-0000e324-cf90-8000-9ba2-011c48011c48_137543 Processing reference: [Content:id=16534,versionId=-1,name=SS_calendarDatesView,type=32,subtype=6,uuid=_a-0000e324-cf90-8000-9ba2-011c48011c48_137543,parent=8779]
2019-09-19 09:52:47.341 DEBUG content 16558 _a-0000e324-cf90-8000-9ba2-011c48011c48_137796 Begin transport.
2019-09-19 09:52:47.341 DEBUG content 16558 _a-0000e324-cf90-8000-9ba2-011c48011c48_137796 Retrieving object data.
2019-09-19 09:52:47.348 DEBUG content 16558 _a-0000e324-cf90-8000-9ba2-011c48011c48_137796 Setting uuids of object references.
2019-09-19 09:52:47.348 DEBUG content 16558 _a-0000e324-cf90-8000-9ba2-011c48011c48_137796 Processing reference: [Content:id=16558,versionId=-1,name=SS_DAY_NAMES,type=32,subtype=0,uuid=_a-0000e324-cf90-8000-9ba2-011c48011c48_137796,parent=8779]
2019-09-19 09:52:47.348 DEBUG content 16558 _a-0000e324-cf90-8000-9ba2-011c48011c48_137796 Processing reference: Constant.forum
2019-09-19 09:52:47.349 DEBUG content 16558 _a-0000e324-cf90-8000-9ba2-011c48011c48_137796 Processing reference: Constant.parent
2019-09-19 09:52:47.351 DEBUG content 16558 _a-0000e324-cf90-8000-9ba2-011c48011c48_137796 Processing reference: com.appiancorp.suiteapi.content.ContentRoleMap@4214b4c1[
  ContentRole[name=readers,inherit=true,allowForAll=false]
  ContentRole[name=authors,inherit=true,allowForAll=false]
  ContentRole[name=administrators,inherit=true,allowForAll=false]
  ContentRole[name=denyReaders,inherit=false,allowForAll=false]
  ContentRole[name=denyAuthors,inherit=false,allowForAll=false]
  ContentRole[name=denyAdministrators,inherit=false,allowForAll=false]
  securityVector=15:SEC_PUBLIC=true,SEC_CREATOR_ADMIN=false,SEC_INH_ADMIN=true,SEC_INH_EDITOR=true,SEC_INH_VIEWER=true,SEC_ALL_ADMIN=false,SEC_ALL_EDITOR=false,SEC_ALL_VIEWER=false
]
2019-09-19 09:52:47.351 DEBUG content 16558 _a-0000e324-cf90-8000-9ba2-011c48011c48_137796 Processing reference: ContentRole[name=readers,inherit=true,allowForAll=false]
2019-09-19 09:52:47.351 DEBUG content 16558 _a-0000e324-cf90-8000-9ba2-011c48011c48_137796 Processing reference: ContentRole[name=authors,inherit=true,allowForAll=false]
2019-09-19 09:52:47.351 DEBUG content 16558 _a-0000e324-cf90-8000-9ba2-011c48011c48_137796 Processing reference: ContentRole[name=administrators,inherit=true,allowForAll=false]
2019-09-19 09:52:47.351 DEBUG content 16558 _a-0000e324-cf90-8000-9ba2-011c48011c48_137796 Processing reference: ContentRole[name=denyReaders,inherit=false,allowForAll=false]
2019-09-19 09:52:47.351 DEBUG content 16558 _a-0000e324-cf90-8000-9ba2-011c48011c48_137796 Processing reference: ContentRole[name=denyAuthors,inherit=false,allowForAll=false]
2019-09-19 09:52:47.351 DEBUG content 16558 _a-0000e324-cf90-8000-9ba2-011c48011c48_137796 Processing reference: ContentRole[name=denyAdministrators,inherit=false,allowForAll=false]
2019-09-19 09:52:47.351 DEBUG content 16558 _a-0000e324-cf90-8000-9ba2-011c48011c48_137796 Completing produce.
2019-09-19 09:52:47.351 DEBUG content 16558 _a-0000e324-cf90-8000-9ba2-011c48011c48_137796 Exporting binary resources.
2019-09-19 09:52:47.351 DEBUG content 16558 _a-0000e324-cf90-8000-9ba2-011c48011c48_137796 Serializing object to XML.
2019-09-19 09:52:47.36 DEBUG content 16558 _a-0000e324-cf90-8000-9ba2-011c48011c48_137796 Object transported.
2019-09-19 09:52:47.36 DEBUG content 16571 _a-0000e324-cf90-8000-9ba2-011c48011c48_137543 Processing reference: Interface.forum
2019-09-19 09:52:47.361 DEBUG content 16571 _a-0000e324-cf90-8000-9ba2-011c48011c48_137543 Processing reference: TypedVariable[name=year,it=1,v=<null>]
2019-09-19 09:52:47.361 DEBUG content 16571 _a-0000e324-cf90-8000-9ba2-011c48011c48_137543 Processing reference: TypedVariable[name=month,it=1,v=<null>]
2019-09-19 09:52:47.361 DEBUG content 16571 _a-0000e324-cf90-8000-9ba2-011c48011c48_137543 Processing reference: Interface.parent
2019-09-19 09:52:47.363 DEBUG content 16571 _a-0000e324-cf90-8000-9ba2-011c48011c48_137543 Processing reference: com.appiancorp.suiteapi.content.ContentRoleMap@7fddb9fb[
  ContentRole[name=readers,inherit=true,allowForAll=false]
  ContentRole[name=authors,inherit=true,allowForAll=false]
  ContentRole[name=administrators,inherit=true,allowForAll=false]
  ContentRole[name=denyReaders,inherit=false,allowForAll=false]
  ContentRole[name=denyAuthors,inherit=false,allowForAll=false]
  ContentRole[name=denyAdministrators,inherit=false,allowForAll=false]
  securityVector=15:SEC_PUBLIC=true,SEC_CREATOR_ADMIN=false,SEC_INH_ADMIN=true,SEC_INH_EDITOR=true,SEC_INH_VIEWER=true,SEC_ALL_ADMIN=false,SEC_ALL_EDITOR=false,SEC_ALL_VIEWER=false
]
2019-09-19 09:52:47.363 DEBUG content 16571 _a-0000e324-cf90-8000-9ba2-011c48011c48_137543 Processing reference: ContentRole[name=readers,inherit=true,allowForAll=false]
2019-09-19 09:52:47.363 DEBUG content 16571 _a-0000e324-cf90-8000-9ba2-011c48011c48_137543 Processing reference: ContentRole[name=authors,inherit=true,allowForAll=false]
2019-09-19 09:52:47.363 DEBUG content 16571 _a-0000e324-cf90-8000-9ba2-011c48011c48_137543 Processing reference: ContentRole[name=administrators,inherit=true,allowForAll=false]
2019-09-19 09:52:47.363 DEBUG content 16571 _a-0000e324-cf90-8000-9ba2-011c48011c48_137543 Processing reference: ContentRole[name=denyReaders,inherit=false,allowForAll=false]
2019-09-19 09:52:47.363 DEBUG content 16571 _a-0000e324-cf90-8000-9ba2-011c48011c48_137543 Processing reference: ContentRole[name=denyAuthors,inherit=false,allowForAll=false]
2019-09-19 09:52:47.363 DEBUG content 16571 _a-0000e324-cf90-8000-9ba2-011c48011c48_137543 Processing reference: ContentRole[name=denyAdministrators,inherit=false,allowForAll=false]
2019-09-19 09:52:47.363 DEBUG content 16571 _a-0000e324-cf90-8000-9ba2-011c48011c48_137543 Completing produce.
2019-09-19 09:52:47.363 DEBUG content 16571 _a-0000e324-cf90-8000-9ba2-011c48011c48_137543 Exporting binary resources.
2019-09-19 09:52:47.363 DEBUG content 16571 _a-0000e324-cf90-8000-9ba2-011c48011c48_137543 Serializing object to XML.
2019-09-19 09:52:47.374 DEBUG content 16571 _a-0000e324-cf90-8000-9ba2-011c48011c48_137543 Object transported.
2019-09-19 09:52:47.374 DEBUG content 16543 _a-0000e324-cf90-8000-9ba2-011c48011c48_137564 Begin transport.
2019-09-19 09:52:47.374 DEBUG content 16543 _a-0000e324-cf90-8000-9ba2-011c48011c48_137564 Retrieving object data.
2019-09-19 09:52:47.384 DEBUG content 16543 _a-0000e324-cf90-8000-9ba2-011c48011c48_137564 Setting uuids of object references.
2019-09-19 09:52:47.384 DEBUG content 16543 _a-0000e324-cf90-8000-9ba2-011c48011c48_137564 Processing reference: [Content:id=16537,versionId=-1,name=SS_calendarYearScrollView,type=32,subtype=6,uuid=_a-0000e324-cf90-8000-9ba2-011c48011c48_137564,parent=8779]
2019-09-19 09:52:47.386 DEBUG content 16543 _a-0000e324-cf90-8000-9ba2-011c48011c48_137564 Processing reference: Interface.forum
2019-09-19 09:52:47.387 DEBUG content 16543 _a-0000e324-cf90-8000-9ba2-011c48011c48_137564 Processing reference: TypedVariable[name=year,it=1,v=<null>]
2019-09-19 09:52:47.387 DEBUG content 16543 _a-0000e324-cf90-8000-9ba2-011c48011c48_137564 Processing reference: Interface.parent
2019-09-19 09:52:47.389 DEBUG content 16543 _a-0000e324-cf90-8000-9ba2-011c48011c48_137564 Processing reference: com.appiancorp.suiteapi.content.ContentRoleMap@6acee4f2[
  ContentRole[name=readers,inherit=true,allowForAll=false]
  ContentRole[name=authors,inherit=true,allowForAll=false]
  ContentRole[name=administrators,inherit=true,allowForAll=false]
  ContentRole[name=denyReaders,inherit=false,allowForAll=false]
  ContentRole[name=denyAuthors,inherit=false,allowForAll=false]
  ContentRole[name=denyAdministrators,inherit=false,allowForAll=false]
  securityVector=15:SEC_PUBLIC=true,SEC_CREATOR_ADMIN=false,SEC_INH_ADMIN=true,SEC_INH_EDITOR=true,SEC_INH_VIEWER=true,SEC_ALL_ADMIN=false,SEC_ALL_EDITOR=false,SEC_ALL_VIEWER=false
]
2019-09-19 09:52:47.389 DEBUG content 16543 _a-0000e324-cf90-8000-9ba2-011c48011c48_137564 Processing reference: ContentRole[name=readers,inherit=true,allowForAll=false]
2019-09-19 09:52:47.389 DEBUG content 16543 _a-0000e324-cf90-8000-9ba2-011c48011c48_137564 Processing reference: ContentRole[name=authors,inherit=true,allowForAll=false]
2019-09-19 09:52:47.389 DEBUG content 16543 _a-0000e324-cf90-8000-9ba2-011c48011c48_137564 Processing reference: ContentRole[name=administrators,inherit=true,allowForAll=false]
2019-09-19 09:52:47.389 DEBUG content 16543 _a-0000e324-cf90-8000-9ba2-011c48011c48_137564 Processing reference: ContentRole[name=denyReaders,inherit=false,allowForAll=false]
2019-09-19 09:52:47.389 DEBUG content 16543 _a-0000e324-cf90-8000-9ba2-011c48011c48_137564 Processing reference: ContentRole[name=denyAuthors,inherit=false,allowForAll=false]
2019-09-19 09:52:47.389 DEBUG content 16543 _a-0000e324-cf90-8000-9ba2-011c48011c48_137564 Processing reference: ContentRole[name=denyAdministrators,inherit=false,allowForAll=false]
2019-09-19 09:52:47.389 DEBUG content 16543 _a-0000e324-cf90-8000-9ba2-011c48011c48_137564 Completing produce.
2019-09-19 09:52:47.389 DEBUG content 16543 _a-0000e324-cf90-8000-9ba2-011c48011c48_137564 Exporting binary resources.
2019-09-19 09:52:47.389 DEBUG content 16543 _a-0000e324-cf90-8000-9ba2-011c48011c48_137564 Serializing object to XML.
2019-09-19 09:52:47.398 DEBUG content 16543 _a-0000e324-cf90-8000-9ba2-011c48011c48_137564 Object transported.
2019-09-19 09:52:47.398 DEBUG content 16577 _a-0000e324-cf90-8000-9ba2-011c48011c48_137715 Begin transport.
2019-09-19 09:52:47.398 DEBUG content 16577 _a-0000e324-cf90-8000-9ba2-011c48011c48_137715 Retrieving object data.
2019-09-19 09:52:47.406 DEBUG content 16577 _a-0000e324-cf90-8000-9ba2-011c48011c48_137715 Setting uuids of object references.
2019-09-19 09:52:47.406 DEBUG content 16577 _a-0000e324-cf90-8000-9ba2-011c48011c48_137715 Processing reference: [Content:id=16547,versionId=-1,name=SS_calendarMonthScrollView,type=32,subtype=6,uuid=_a-0000e324-cf90-8000-9ba2-011c48011c48_137715,parent=8779]
2019-09-19 09:52:47.411 DEBUG content 16577 _a-0000e324-cf90-8000-9ba2-011c48011c48_137715 Processing reference: Interface.forum
2019-09-19 09:52:47.412 DEBUG content 16577 _a-0000e324-cf90-8000-9ba2-011c48011c48_137715 Processing reference: TypedVariable[name=month,it=1,v=<null>]
2019-09-19 09:52:47.412 DEBUG content 16577 _a-0000e324-cf90-8000-9ba2-011c48011c48_137715 Processing reference: TypedVariable[name=year,it=1,v=<null>]
2019-09-19 09:52:47.412 DEBUG content 16577 _a-0000e324-cf90-8000-9ba2-011c48011c48_137715 Processing reference: Interface.parent
2019-09-19 09:52:47.414 DEBUG content 16577 _a-0000e324-cf90-8000-9ba2-011c48011c48_137715 Processing reference: com.appiancorp.suiteapi.content.ContentRoleMap@6abcf575[
  ContentRole[name=readers,inherit=true,allowForAll=false]
  ContentRole[name=authors,inherit=true,allowForAll=false]
  ContentRole[name=administrators,inherit=true,allowForAll=false]
  ContentRole[name=denyReaders,inherit=false,allowForAll=false]
  ContentRole[name=denyAuthors,inherit=false,allowForAll=false]
  ContentRole[name=denyAdministrators,inherit=false,allowForAll=false]
  securityVector=15:SEC_PUBLIC=true,SEC_CREATOR_ADMIN=false,SEC_INH_ADMIN=true,SEC_INH_EDITOR=true,SEC_INH_VIEWER=true,SEC_ALL_ADMIN=false,SEC_ALL_EDITOR=false,SEC_ALL_VIEWER=false
]
2019-09-19 09:52:47.414 DEBUG content 16577 _a-0000e324-cf90-8000-9ba2-011c48011c48_137715 Processing reference: ContentRole[name=readers,inherit=true,allowForAll=false]
2019-09-19 09:52:47.414 DEBUG content 16577 _a-0000e324-cf90-8000-9ba2-011c48011c48_137715 Processing reference: ContentRole[name=authors,inherit=true,allowForAll=false]
2019-09-19 09:52:47.414 DEBUG content 16577 _a-0000e324-cf90-8000-9ba2-011c48011c48_137715 Processing reference: ContentRole[name=administrators,inherit=true,allowForAll=false]
2019-09-19 09:52:47.414 DEBUG content 16577 _a-0000e324-cf90-8000-9ba2-011c48011c48_137715 Processing reference: ContentRole[name=denyReaders,inherit=false,allowForAll=false]
2019-09-19 09:52:47.414 DEBUG content 16577 _a-0000e324-cf90-8000-9ba2-011c48011c48_137715 Processing reference: ContentRole[name=denyAuthors,inherit=false,allowForAll=false]
2019-09-19 09:52:47.414 DEBUG content 16577 _a-0000e324-cf90-8000-9ba2-011c48011c48_137715 Processing reference: ContentRole[name=denyAdministrators,inherit=false,allowForAll=false]
2019-09-19 09:52:47.414 DEBUG content 16577 _a-0000e324-cf90-8000-9ba2-011c48011c48_137715 Completing produce.
2019-09-19 09:52:47.414 DEBUG content 16577 _a-0000e324-cf90-8000-9ba2-011c48011c48_137715 Exporting binary resources.
2019-09-19 09:52:47.414 DEBUG content 16577 _a-0000e324-cf90-8000-9ba2-011c48011c48_137715 Serializing object to XML.
2019-09-19 09:52:47.426 DEBUG content 16577 _a-0000e324-cf90-8000-9ba2-011c48011c48_137715 Object transported.
2019-09-19 09:52:47.426 DEBUG content 16554 _a-0000e324-cf90-8000-9ba2-011c48011c48_137758 Begin transport.
2019-09-19 09:52:47.426 DEBUG content 16554 _a-0000e324-cf90-8000-9ba2-011c48011c48_137758 Retrieving object data.
2019-09-19 09:52:47.436 DEBUG content 16554 _a-0000e324-cf90-8000-9ba2-011c48011c48_137758 Setting uuids of object references.
2019-09-19 09:52:47.436 DEBUG content 16554 _a-0000e324-cf90-8000-9ba2-011c48011c48_137758 Processing reference: [Content:id=16553,versionId=-1,name=SS_MONTH_NAMES,type=32,subtype=0,uuid=_a-0000e324-cf90-8000-9ba2-011c48011c48_137758,parent=8779]
2019-09-19 09:52:47.436 DEBUG content 16554 _a-0000e324-cf90-8000-9ba2-011c48011c48_137758 Processing reference: Constant.forum
2019-09-19 09:52:47.436 DEBUG content 16554 _a-0000e324-cf90-8000-9ba2-011c48011c48_137758 Processing reference: Constant.parent
2019-09-19 09:52:47.439 DEBUG content 16554 _a-0000e324-cf90-8000-9ba2-011c48011c48_137758 Processing reference: com.appiancorp.suiteapi.content.ContentRoleMap@399f5e26[
  ContentRole[name=readers,inherit=true,allowForAll=false]
  ContentRole[name=authors,inherit=true,allowForAll=false]
  ContentRole[name=administrators,inherit=true,allowForAll=false]
  ContentRole[name=denyReaders,inherit=false,allowForAll=false]
  ContentRole[name=denyAuthors,inherit=false,allowForAll=false]
  ContentRole[name=denyAdministrators,inherit=false,allowForAll=false]
  securityVector=15:SEC_PUBLIC=true,SEC_CREATOR_ADMIN=false,SEC_INH_ADMIN=true,SEC_INH_EDITOR=true,SEC_INH_VIEWER=true,SEC_ALL_ADMIN=false,SEC_ALL_EDITOR=false,SEC_ALL_VIEWER=false
]
2019-09-19 09:52:47.439 DEBUG content 16554 _a-0000e324-cf90-8000-9ba2-011c48011c48_137758 Processing reference: ContentRole[name=readers,inherit=true,allowForAll=false]
2019-09-19 09:52:47.439 DEBUG content 16554 _a-0000e324-cf90-8000-9ba2-011c48011c48_137758 Processing reference: ContentRole[name=authors,inherit=true,allowForAll=false]
2019-09-19 09:52:47.439 DEBUG content 16554 _a-0000e324-cf90-8000-9ba2-011c48011c48_137758 Processing reference: ContentRole[name=administrators,inherit=true,allowForAll=false]
2019-09-19 09:52:47.439 DEBUG content 16554 _a-0000e324-cf90-8000-9ba2-011c48011c48_137758 Processing reference: ContentRole[name=denyReaders,inherit=false,allowForAll=false]
2019-09-19 09:52:47.439 DEBUG content 16554 _a-0000e324-cf90-8000-9ba2-011c48011c48_137758 Processing reference: ContentRole[name=denyAuthors,inherit=false,allowForAll=false]
2019-09-19 09:52:47.439 DEBUG content 16554 _a-0000e324-cf90-8000-9ba2-011c48011c48_137758 Processing reference: ContentRole[name=denyAdministrators,inherit=false,allowForAll=false]
2019-09-19 09:52:47.439 DEBUG content 16554 _a-0000e324-cf90-8000-9ba2-011c48011c48_137758 Completing produce.
2019-09-19 09:52:47.439 DEBUG content 16554 _a-0000e324-cf90-8000-9ba2-011c48011c48_137758 Exporting binary resources.
2019-09-19 09:52:47.439 DEBUG content 16554 _a-0000e324-cf90-8000-9ba2-011c48011c48_137758 Serializing object to XML.
2019-09-19 09:52:47.447 DEBUG content 16554 _a-0000e324-cf90-8000-9ba2-011c48011c48_137758 Object transported.
2019-09-19 09:52:47.449 DEBUG processModelFolder 42 _g-0000e2f5-cb25-8000-f92f-7f0000014e7a_175 Begin transport.
2019-09-19 09:52:47.449 DEBUG processModelFolder 42 _g-0000e2f5-cb25-8000-f92f-7f0000014e7a_175 Retrieving object data.
2019-09-19 09:52:47.452 DEBUG processModelFolder 42 _g-0000e2f5-cb25-8000-f92f-7f0000014e7a_175 Setting uuids of object references.
2019-09-19 09:52:47.452 DEBUG processModelFolder 42 _g-0000e2f5-cb25-8000-f92f-7f0000014e7a_175 Processing reference: ProcessModelFolder.parentFolderId
2019-09-19 09:52:47.453 DEBUG processModelFolder 42 _g-0000e2f5-cb25-8000-f92f-7f0000014e7a_175 Processing reference: com.appiancorp.suiteapi.process.ProcessRoleMap@6802dbea[
  Role[name=ADMIN_OWNER]
  Role[name=EDITOR]
  Role[name=EXPLICIT_NONMEMBER]
  Role[name=VIEWER]
  Role[name=MANAGER]
  Role[name=INITIATOR]
]
2019-09-19 09:52:47.453 DEBUG processModelFolder 42 _g-0000e2f5-cb25-8000-f92f-7f0000014e7a_175 Processing reference: Role[name=ADMIN_OWNER]
2019-09-19 09:52:47.453 DEBUG processModelFolder 42 _g-0000e2f5-cb25-8000-f92f-7f0000014e7a_175 Processing reference: Role[name=EDITOR]
2019-09-19 09:52:47.453 DEBUG processModelFolder 42 _g-0000e2f5-cb25-8000-f92f-7f0000014e7a_175 Processing reference: Role[name=EXPLICIT_NONMEMBER]
2019-09-19 09:52:47.453 DEBUG processModelFolder 42 _g-0000e2f5-cb25-8000-f92f-7f0000014e7a_175 Processing reference: Role[name=VIEWER]
2019-09-19 09:52:47.453 DEBUG processModelFolder 42 _g-0000e2f5-cb25-8000-f92f-7f0000014e7a_175 Processing reference: Role[name=MANAGER]
2019-09-19 09:52:47.453 DEBUG processModelFolder 42 _g-0000e2f5-cb25-8000-f92f-7f0000014e7a_175 Processing reference: Role[name=INITIATOR]
2019-09-19 09:52:47.454 DEBUG processModelFolder 42 _g-0000e2f5-cb25-8000-f92f-7f0000014e7a_175 Completing produce.
2019-09-19 09:52:47.454 DEBUG processModelFolder 42 _g-0000e2f5-cb25-8000-f92f-7f0000014e7a_175 Exporting binary resources.
2019-09-19 09:52:47.454 DEBUG processModelFolder 42 _g-0000e2f5-cb25-8000-f92f-7f0000014e7a_175 Serializing object to XML.
2019-09-19 09:52:47.46 DEBUG processModelFolder 42 _g-0000e2f5-cb25-8000-f92f-7f0000014e7a_175 Object transported.
2019-09-19 09:52:47.462 DEBUG processModel 1413 0002e323-50c7-8000-f92f-7f0000014e7a Begin transport.
2019-09-19 09:52:47.462 DEBUG processModel 1413 0002e323-50c7-8000-f92f-7f0000014e7a Retrieving object data.
2019-09-19 09:52:47.5 DEBUG processModel 1413 0002e323-50c7-8000-f92f-7f0000014e7a Setting uuids of object references.
2019-09-19 09:52:47.501 DEBUG processModel 1413 0002e323-50c7-8000-f92f-7f0000014e7a Processing reference: ProcessModelHaul.folderId
2019-09-19 09:52:47.502 DEBUG processModel 1413 0002e323-50c7-8000-f92f-7f0000014e7a Processing reference: ProcessModelHaul.modelDashboardPageId
2019-09-19 09:52:47.502 DEBUG processModel 1413 0002e323-50c7-8000-f92f-7f0000014e7a Processing reference: ProcessModelHaul.processDashboardPageId
2019-09-19 09:52:47.502 DEBUG processModel 1413 0002e323-50c7-8000-f92f-7f0000014e7a Processing reference: ProcessModel.emailAttachmentFolderId
2019-09-19 09:52:47.504 DEBUG processModel 1413 0002e323-50c7-8000-f92f-7f0000014e7a Processing reference: InternalForm.docId
2019-09-19 09:52:47.505 DEBUG processModel 1413 0002e323-50c7-8000-f92f-7f0000014e7a Processing reference: 4097 SmitaA
2019-09-19 09:52:47.506 DEBUG processModel 1413 0002e323-50c7-8000-f92f-7f0000014e7a Processing reference: ActivityClassParameter[name=pmID,it=23,v=<null>]
2019-09-19 09:52:47.507 DEBUG processModel 1413 0002e323-50c7-8000-f92f-7f0000014e7a Processing reference: ActivityClassParameter[name=inMap,it=111,v={}]
2019-09-19 09:52:47.507 DEBUG processModel 1413 0002e323-50c7-8000-f92f-7f0000014e7a Processing reference: ActivityClassParameter[name=procInheritsPriority,it=1,v=1]
2019-09-19 09:52:47.507 DEBUG processModel 1413 0002e323-50c7-8000-f92f-7f0000014e7a Processing reference: ActivityClassParameter[name=pmUUID,it=3,v=]
2019-09-19 09:52:47.507 DEBUG processModel 1413 0002e323-50c7-8000-f92f-7f0000014e7a Processing reference: ActivityClassParameter[name=isAsynchronous,it=26,v=1]
2019-09-19 09:52:47.507 DEBUG processModel 1413 0002e323-50c7-8000-f92f-7f0000014e7a Processing reference: ActivityClassParameter[name=isTransparent,it=26,v=1]
2019-09-19 09:52:47.507 DEBUG processModel 1413 0002e323-50c7-8000-f92f-7f0000014e7a Processing reference: ActivityClassParameter[name=inheritSecurity,it=26,v=0]
2019-09-19 09:52:47.507 DEBUG processModel 1413 0002e323-50c7-8000-f92f-7f0000014e7a Processing reference: ActivityClassParameter[name=ae-key-test,it=3,v=]
2019-09-19 09:52:47.507 DEBUG processModel 1413 0002e323-50c7-8000-f92f-7f0000014e7a Processing reference: ActivityClassParameter[name=BodyTemplate,it=13,v=13657]
2019-09-19 09:52:47.509 DEBUG processModel 1413 0002e323-50c7-8000-f92f-7f0000014e7a Processing reference: ActivityClassParameter[name=CreateNewDoc,it=26,v=1]
2019-09-19 09:52:47.51 DEBUG processModel 1413 0002e323-50c7-8000-f92f-7f0000014e7a Processing reference: ActivityClassParameter[name=NewDocName,it=3,v=]
2019-09-19 09:52:47.51 DEBUG processModel 1413 0002e323-50c7-8000-f92f-7f0000014e7a Processing reference: ActivityClassParameter[name=NewDocDesc,it=3,v=]
2019-09-19 09:52:47.51 DEBUG processModel 1413 0002e323-50c7-8000-f92f-7f0000014e7a Processing reference: ActivityClassParameter[name=SaveInFolder,it=12,v=13659]
2019-09-19 09:52:47.513 DEBUG processModel 1413 0002e323-50c7-8000-f92f-7f0000014e7a Processing reference: ActivityClassParameter[name=DocToReplace,it=13,v=<null>]
2019-09-19 09:52:47.513 DEBUG processModel 1413 0002e323-50c7-8000-f92f-7f0000014e7a Processing reference: ActivityClassParameter[name=RuntimeBodyTemplate,it=13,v=<null>]
2019-09-19 09:52:47.513 DEBUG processModel 1413 0002e323-50c7-8000-f92f-7f0000014e7a Processing reference: ActivityClassParameter[name=NewDocument,it=13,v=<null>]
2019-09-19 09:52:47.513 DEBUG processModel 1413 0002e323-50c7-8000-f92f-7f0000014e7a Processing reference: com.appiancorp.suiteapi.process.ProcessRoleMap@31c54ad1[
  Role[name=ADMIN_OWNER,usernames=[SmitaA]]
  Role[name=EDITOR]
  Role[name=EXPLICIT_NONMEMBER]
  Role[name=VIEWER]
  Role[name=MANAGER]
  Role[name=INITIATOR]
]
2019-09-19 09:52:47.513 DEBUG processModel 1413 0002e323-50c7-8000-f92f-7f0000014e7a Processing reference: Role[name=ADMIN_OWNER,usernames=[SmitaA]]
2019-09-19 09:52:47.515 DEBUG processModel 1413 0002e323-50c7-8000-f92f-7f0000014e7a Processing reference: Role[name=EDITOR]
2019-09-19 09:52:47.515 DEBUG processModel 1413 0002e323-50c7-8000-f92f-7f0000014e7a Processing reference: Role[name=EXPLICIT_NONMEMBER]
2019-09-19 09:52:47.515 DEBUG processModel 1413 0002e323-50c7-8000-f92f-7f0000014e7a Processing reference: Role[name=VIEWER]
2019-09-19 09:52:47.515 DEBUG processModel 1413 0002e323-50c7-8000-f92f-7f0000014e7a Processing reference: Role[name=MANAGER]
2019-09-19 09:52:47.515 DEBUG processModel 1413 0002e323-50c7-8000-f92f-7f0000014e7a Processing reference: Role[name=INITIATOR]
2019-09-19 09:52:47.515 DEBUG processModel 1413 0002e323-50c7-8000-f92f-7f0000014e7a Completing produce.
2019-09-19 09:52:47.515 DEBUG processModel 1413 0002e323-50c7-8000-f92f-7f0000014e7a Exporting binary resources.
2019-09-19 09:52:47.515 DEBUG processModel 1413 0002e323-50c7-8000-f92f-7f0000014e7a Serializing object to XML.
2019-09-19 09:52:47.527 DEBUG processModel 1413 0002e323-50c7-8000-f92f-7f0000014e7a Object transported.
2019-09-19 09:52:47.529 DEBUG recordType 26 25c9d191-321d-4413-92d1-c550bf29903a Begin transport.
2019-09-19 09:52:47.529 DEBUG recordType 26 25c9d191-321d-4413-92d1-c550bf29903a Retrieving object data.
2019-09-19 09:52:47.671 DEBUG recordType 26 25c9d191-321d-4413-92d1-c550bf29903a Setting uuids of object references.
2019-09-19 09:52:47.671 DEBUG recordType 26 25c9d191-321d-4413-92d1-c550bf29903a Processing reference: RecordType.dataSrcExpr
2019-09-19 09:52:47.671 DEBUG recordType 26 25c9d191-321d-4413-92d1-c550bf29903a Processing reference: RecordType.defaultFilters
2019-09-19 09:52:47.671 DEBUG recordType 26 25c9d191-321d-4413-92d1-c550bf29903a Processing reference: RecordType.defaultFiltersExpr
2019-09-19 09:52:47.671 DEBUG recordType 26 25c9d191-321d-4413-92d1-c550bf29903a Processing reference: DetailViewCfg.headerExpr
2019-09-19 09:52:47.671 DEBUG recordType 26 25c9d191-321d-4413-92d1-c550bf29903a Processing reference: DetailViewCfg.nameExpr
2019-09-19 09:52:47.672 DEBUG recordType 26 25c9d191-321d-4413-92d1-c550bf29903a Processing reference: DetailViewCfg.uiExpr
2019-09-19 09:52:47.672 DEBUG recordType 26 25c9d191-321d-4413-92d1-c550bf29903a Processing reference: DetailViewCfg.visibilityExpr
2019-09-19 09:52:47.672 DEBUG recordType 26 25c9d191-321d-4413-92d1-c550bf29903a Processing reference: RecordType.facetsListExpr
2019-09-19 09:52:47.672 DEBUG recordType 26 25c9d191-321d-4413-92d1-c550bf29903a Processing reference: RecordType.listViewSrcExpr
2019-09-19 09:52:47.677 DEBUG recordType 26 25c9d191-321d-4413-92d1-c550bf29903a Processing reference: RecordType.listViewTemplateExpr
2019-09-19 09:52:47.678 DEBUG recordType 26 25c9d191-321d-4413-92d1-c550bf29903a Processing reference: RecordType.recordViewSrcExpr
2019-09-19 09:52:47.678 DEBUG recordType 26 25c9d191-321d-4413-92d1-c550bf29903a Processing reference: RecordType.source
2019-09-19 09:52:47.678 DEBUG recordType 26 25c9d191-321d-4413-92d1-c550bf29903a Processing reference: RecordType.titleExpr
2019-09-19 09:52:47.678 DEBUG recordType 26 25c9d191-321d-4413-92d1-c550bf29903a Processing reference: Role[name=record_type_administrator,groupIds=[38]]
2019-09-19 09:52:47.68 DEBUG recordType 26 25c9d191-321d-4413-92d1-c550bf29903a Completing produce.
2019-09-19 09:52:47.68 DEBUG recordType 26 25c9d191-321d-4413-92d1-c550bf29903a Exporting binary resources.
2019-09-19 09:52:47.68 DEBUG recordType 26 25c9d191-321d-4413-92d1-c550bf29903a Serializing object to XML.
2019-09-19 09:52:47.696 DEBUG recordType 26 25c9d191-321d-4413-92d1-c550bf29903a Object transported.
2019-09-19 09:52:47.698 DEBUG tempoReport 44 a1374d5f-d2a3-4966-b8d9-1961e22556b5 Begin transport.
2019-09-19 09:52:47.698 DEBUG tempoReport 44 a1374d5f-d2a3-4966-b8d9-1961e22556b5 Retrieving object data.
2019-09-19 09:52:47.719 DEBUG tempoReport 44 a1374d5f-d2a3-4966-b8d9-1961e22556b5 Setting uuids of object references.
2019-09-19 09:52:47.72 DEBUG tempoReport 44 a1374d5f-d2a3-4966-b8d9-1961e22556b5 Processing reference: Role[name=report_administrator,groupIds=[38]]
2019-09-19 09:52:47.723 DEBUG tempoReport 44 a1374d5f-d2a3-4966-b8d9-1961e22556b5 Processing reference: UiContainer.uiExpr
2019-09-19 09:52:47.727 DEBUG tempoReport 44 a1374d5f-d2a3-4966-b8d9-1961e22556b5 Completing produce.
2019-09-19 09:52:47.727 DEBUG tempoReport 44 a1374d5f-d2a3-4966-b8d9-1961e22556b5 Exporting binary resources.
2019-09-19 09:52:47.727 DEBUG tempoReport 44 a1374d5f-d2a3-4966-b8d9-1961e22556b5 Serializing object to XML.
2019-09-19 09:52:47.734 DEBUG tempoReport 44 a1374d5f-d2a3-4966-b8d9-1961e22556b5 Object transported.
2019-09-19 09:52:47.74 DEBUG webApi 38 3b50233c-b607-4981-ad48-25d2d20c3eab Begin transport.
2019-09-19 09:52:47.74 DEBUG webApi 38 3b50233c-b607-4981-ad48-25d2d20c3eab Retrieving object data.
2019-09-19 09:52:47.753 DEBUG webApi 38 3b50233c-b607-4981-ad48-25d2d20c3eab Setting uuids of object references.
2019-09-19 09:52:47.755 DEBUG webApi 38 3b50233c-b607-4981-ad48-25d2d20c3eab Processing reference: WebApi.expression
2019-09-19 09:52:47.756 DEBUG webApi 38 3b50233c-b607-4981-ad48-25d2d20c3eab Processing reference: WebApi.receiveDocumentsFolder
2019-09-19 09:52:47.757 DEBUG webApi 38 3b50233c-b607-4981-ad48-25d2d20c3eab Completing produce.
2019-09-19 09:52:47.757 DEBUG webApi 38 3b50233c-b607-4981-ad48-25d2d20c3eab Exporting binary resources.
2019-09-19 09:52:47.757 DEBUG webApi 38 3b50233c-b607-4981-ad48-25d2d20c3eab Serializing object to XML.
2019-09-19 09:52:47.761 DEBUG webApi 38 3b50233c-b607-4981-ad48-25d2d20c3eab Object transported.
2019-09-19 09:52:47.763 DEBUG site 21 b72c5455-4972-482a-9cc0-4873ef3b5ff4 Begin transport.
2019-09-19 09:52:47.763 DEBUG site 21 b72c5455-4972-482a-9cc0-4873ef3b5ff4 Retrieving object data.
2019-09-19 09:52:47.773 DEBUG site 21 b72c5455-4972-482a-9cc0-4873ef3b5ff4 Setting uuids of object references.
2019-09-19 09:52:47.774 DEBUG site 21 b72c5455-4972-482a-9cc0-4873ef3b5ff4 Processing reference: SiteTemplate.accentColorExpr
2019-09-19 09:52:47.775 DEBUG site 21 b72c5455-4972-482a-9cc0-4873ef3b5ff4 Processing reference: SiteTemplate.faviconExpr
2019-09-19 09:52:47.775 DEBUG site 21 b72c5455-4972-482a-9cc0-4873ef3b5ff4 Processing reference: SiteTemplate.faviconRef
2019-09-19 09:52:47.775 DEBUG site 21 b72c5455-4972-482a-9cc0-4873ef3b5ff4 Processing reference: SiteTemplate.headerBackgroundColorExpr
2019-09-19 09:52:47.776 DEBUG site 21 b72c5455-4972-482a-9cc0-4873ef3b5ff4 Processing reference: SiteTemplate.logoExpr
2019-09-19 09:52:47.776 DEBUG site 21 b72c5455-4972-482a-9cc0-4873ef3b5ff4 Processing reference: SiteTemplate.logoRef
2019-09-19 09:52:47.777 DEBUG site 21 b72c5455-4972-482a-9cc0-4873ef3b5ff4 Processing reference: SitePage.uiObject
2019-09-19 09:52:47.782 DEBUG site 21 b72c5455-4972-482a-9cc0-4873ef3b5ff4 Processing reference: SitePage.visibilityExpr
2019-09-19 09:52:47.783 DEBUG site 21 b72c5455-4972-482a-9cc0-4873ef3b5ff4 Processing reference: SiteTemplate.selectedTabBackgroundColorExpr
2019-09-19 09:52:47.784 DEBUG site 21 b72c5455-4972-482a-9cc0-4873ef3b5ff4 Processing reference: SiteTemplate.tempoLinkViewerRefsFromUuids
2019-09-19 09:52:47.786 DEBUG site 21 b72c5455-4972-482a-9cc0-4873ef3b5ff4 Completing produce.
2019-09-19 09:52:47.786 DEBUG site 21 b72c5455-4972-482a-9cc0-4873ef3b5ff4 Exporting binary resources.
2019-09-19 09:52:47.786 DEBUG site 21 b72c5455-4972-482a-9cc0-4873ef3b5ff4 Serializing object to XML.
2019-09-19 09:52:47.793 DEBUG site 21 b72c5455-4972-482a-9cc0-4873ef3b5ff4 Object transported.
2019-09-19 09:52:47.793 DEBUG application 8778 _a-0000e2a7-95ca-8000-9ba2-011c48011c48_53723 Completing produce.
2019-09-19 09:52:47.793 DEBUG application 8778 _a-0000e2a7-95ca-8000-9ba2-011c48011c48_53723 Exporting binary resources.
2019-09-19 09:52:47.793 DEBUG application 8778 _a-0000e2a7-95ca-8000-9ba2-011c48011c48_53723 Serializing object to XML.
2019-09-19 09:52:47.8 DEBUG application 8778 _a-0000e2a7-95ca-8000-9ba2-011c48011c48_53723 Object transported.
